/!\ FAILSAFE /!\  Wed Oct 23 15:23:13 -0500 2013
  Status: 500 Internal Server Error
  no such file to load -- sqlite3
    /Users/john/.rvm/rubies/ruby-1.8.6-p420/lib/ruby/site_ruby/1.8/rubygems/custom_require.rb:31:in `gem_original_require'
    /Users/john/.rvm/rubies/ruby-1.8.6-p420/lib/ruby/site_ruby/1.8/rubygems/custom_require.rb:31:in `require'
    /Users/john/.rvm/gems/ruby-1.8.6-p420/gems/activesupport-2.3.14/lib/active_support/dependencies.rb:182:in `require'
    /Users/john/.rvm/gems/ruby-1.8.6-p420/gems/activesupport-2.3.14/lib/active_support/dependencies.rb:547:in `new_constants_in'
    /Users/john/.rvm/gems/ruby-1.8.6-p420/gems/activesupport-2.3.14/lib/active_support/dependencies.rb:182:in `require'
    /Users/john/.rvm/gems/ruby-1.8.6-p420/gems/activesupport-2.3.14/lib/active_support/core_ext/kernel/requires.rb:7:in `require_library_or_gem'
    /Users/john/.rvm/gems/ruby-1.8.6-p420/gems/activesupport-2.3.14/lib/active_support/core_ext/kernel/reporting.rb:11:in `silence_warnings'
    /Users/john/.rvm/gems/ruby-1.8.6-p420/gems/activesupport-2.3.14/lib/active_support/core_ext/kernel/requires.rb:5:in `require_library_or_gem'
    /Users/john/.rvm/gems/ruby-1.8.6-p420/gems/activerecord-2.3.14/lib/active_record/connection_adapters/sqlite3_adapter.rb:10:in `sqlite3_connection'
    /Users/john/.rvm/gems/ruby-1.8.6-p420/gems/activerecord-2.3.14/lib/active_record/connection_adapters/abstract/connection_pool.rb:223:in `send'
    /Users/john/.rvm/gems/ruby-1.8.6-p420/gems/activerecord-2.3.14/lib/active_record/connection_adapters/abstract/connection_pool.rb:223:in `new_connection'
    /Users/john/.rvm/gems/ruby-1.8.6-p420/gems/activerecord-2.3.14/lib/active_record/connection_adapters/abstract/connection_pool.rb:245:in `checkout_new_connection'
    /Users/john/.rvm/gems/ruby-1.8.6-p420/gems/activerecord-2.3.14/lib/active_record/connection_adapters/abstract/connection_pool.rb:188:in `checkout'
    /Users/john/.rvm/gems/ruby-1.8.6-p420/gems/activerecord-2.3.14/lib/active_record/connection_adapters/abstract/connection_pool.rb:184:in `loop'
    /Users/john/.rvm/gems/ruby-1.8.6-p420/gems/activerecord-2.3.14/lib/active_record/connection_adapters/abstract/connection_pool.rb:184:in `checkout'
    /Users/john/.rvm/rubies/ruby-1.8.6-p420/lib/ruby/1.8/monitor.rb:242:in `synchronize'
    /Users/john/.rvm/gems/ruby-1.8.6-p420/gems/activerecord-2.3.14/lib/active_record/connection_adapters/abstract/connection_pool.rb:183:in `checkout'
    /Users/john/.rvm/gems/ruby-1.8.6-p420/gems/activerecord-2.3.14/lib/active_record/connection_adapters/abstract/connection_pool.rb:98:in `connection'
    /Users/john/.rvm/gems/ruby-1.8.6-p420/gems/activerecord-2.3.14/lib/active_record/connection_adapters/abstract/connection_pool.rb:326:in `retrieve_connection'
    /Users/john/.rvm/gems/ruby-1.8.6-p420/gems/activerecord-2.3.14/lib/active_record/connection_adapters/abstract/connection_specification.rb:123:in `retrieve_connection'
    /Users/john/.rvm/gems/ruby-1.8.6-p420/gems/activerecord-2.3.14/lib/active_record/connection_adapters/abstract/connection_specification.rb:115:in `connection'
    /Users/john/.rvm/gems/ruby-1.8.6-p420/gems/activerecord-2.3.14/lib/active_record/query_cache.rb:9:in `cache'
    /Users/john/.rvm/gems/ruby-1.8.6-p420/gems/activerecord-2.3.14/lib/active_record/query_cache.rb:28:in `call'
    /Users/john/.rvm/gems/ruby-1.8.6-p420/gems/activerecord-2.3.14/lib/active_record/connection_adapters/abstract/connection_pool.rb:361:in `call'
    /Users/john/.rvm/gems/ruby-1.8.6-p420/gems/actionpack-2.3.14/lib/action_controller/string_coercion.rb:25:in `call'
    /Users/john/.rvm/gems/ruby-1.8.6-p420/gems/rack-1.1.6/lib/rack/head.rb:9:in `call'
    /Users/john/.rvm/gems/ruby-1.8.6-p420/gems/rack-1.1.6/lib/rack/methodoverride.rb:24:in `call'
    /Users/john/.rvm/gems/ruby-1.8.6-p420/gems/actionpack-2.3.14/lib/action_controller/params_parser.rb:15:in `call'
    /Users/john/.rvm/gems/ruby-1.8.6-p420/gems/actionpack-2.3.14/lib/action_controller/session/cookie_store.rb:99:in `call'
    /Users/john/.rvm/gems/ruby-1.8.6-p420/gems/actionpack-2.3.14/lib/action_controller/failsafe.rb:26:in `call'
    /Users/john/.rvm/gems/ruby-1.8.6-p420/gems/rack-1.1.6/lib/rack/lock.rb:11:in `call'
    /Users/john/.rvm/gems/ruby-1.8.6-p420/gems/rack-1.1.6/lib/rack/lock.rb:11:in `synchronize'
    /Users/john/.rvm/gems/ruby-1.8.6-p420/gems/rack-1.1.6/lib/rack/lock.rb:11:in `call'
    /Users/john/.rvm/gems/ruby-1.8.6-p420/gems/actionpack-2.3.14/lib/action_controller/dispatcher.rb:114:in `call'
    /Users/john/.rvm/gems/ruby-1.8.6-p420/gems/actionpack-2.3.14/lib/action_controller/reloader.rb:34:in `run'
    /Users/john/.rvm/gems/ruby-1.8.6-p420/gems/actionpack-2.3.14/lib/action_controller/dispatcher.rb:108:in `call'
    /Users/john/.rvm/gems/ruby-1.8.6-p420/gems/rails-2.3.14/lib/rails/rack/static.rb:31:in `call'
    /Users/john/.rvm/gems/ruby-1.8.6-p420/gems/rack-1.1.6/lib/rack/urlmap.rb:47:in `call'
    /Users/john/.rvm/gems/ruby-1.8.6-p420/gems/rack-1.1.6/lib/rack/urlmap.rb:41:in `each'
    /Users/john/.rvm/gems/ruby-1.8.6-p420/gems/rack-1.1.6/lib/rack/urlmap.rb:41:in `call'
    /Users/john/.rvm/gems/ruby-1.8.6-p420/gems/rails-2.3.14/lib/rails/rack/log_tailer.rb:17:in `call'
    /Users/john/.rvm/gems/ruby-1.8.6-p420/gems/rack-1.1.6/lib/rack/content_length.rb:13:in `call'
    /Users/john/.rvm/gems/ruby-1.8.6-p420/gems/rack-1.1.6/lib/rack/handler/webrick.rb:48:in `service'
    /Users/john/.rvm/rubies/ruby-1.8.6-p420/lib/ruby/1.8/webrick/httpserver.rb:104:in `service'
    /Users/john/.rvm/rubies/ruby-1.8.6-p420/lib/ruby/1.8/webrick/httpserver.rb:65:in `run'
    /Users/john/.rvm/rubies/ruby-1.8.6-p420/lib/ruby/1.8/webrick/server.rb:173:in `start_thread'
    /Users/john/.rvm/rubies/ruby-1.8.6-p420/lib/ruby/1.8/webrick/server.rb:162:in `start'
    /Users/john/.rvm/rubies/ruby-1.8.6-p420/lib/ruby/1.8/webrick/server.rb:162:in `start_thread'
    /Users/john/.rvm/rubies/ruby-1.8.6-p420/lib/ruby/1.8/webrick/server.rb:95:in `start'
    /Users/john/.rvm/rubies/ruby-1.8.6-p420/lib/ruby/1.8/webrick/server.rb:92:in `each'
    /Users/john/.rvm/rubies/ruby-1.8.6-p420/lib/ruby/1.8/webrick/server.rb:92:in `start'
    /Users/john/.rvm/rubies/ruby-1.8.6-p420/lib/ruby/1.8/webrick/server.rb:23:in `start'
    /Users/john/.rvm/rubies/ruby-1.8.6-p420/lib/ruby/1.8/webrick/server.rb:82:in `start'
    /Users/john/.rvm/gems/ruby-1.8.6-p420/gems/rack-1.1.6/lib/rack/handler/webrick.rb:14:in `run'
    /Users/john/.rvm/gems/ruby-1.8.6-p420/gems/rails-2.3.14/lib/commands/server.rb:111
    /Users/john/.rvm/rubies/ruby-1.8.6-p420/lib/ruby/site_ruby/1.8/rubygems/custom_require.rb:31:in `gem_original_require'
    /Users/john/.rvm/rubies/ruby-1.8.6-p420/lib/ruby/site_ruby/1.8/rubygems/custom_require.rb:31:in `require'
    script/server:3
/!\ FAILSAFE /!\  Wed Oct 23 15:24:08 -0500 2013
  Status: 500 Internal Server Error
  no such file to load -- sqlite3
    /Users/john/.rvm/rubies/ruby-1.8.6-p420/lib/ruby/site_ruby/1.8/rubygems/custom_require.rb:31:in `gem_original_require'
    /Users/john/.rvm/rubies/ruby-1.8.6-p420/lib/ruby/site_ruby/1.8/rubygems/custom_require.rb:31:in `require'
    /Users/john/.rvm/gems/ruby-1.8.6-p420/gems/activesupport-2.3.14/lib/active_support/dependencies.rb:182:in `require'
    /Users/john/.rvm/gems/ruby-1.8.6-p420/gems/activesupport-2.3.14/lib/active_support/dependencies.rb:547:in `new_constants_in'
    /Users/john/.rvm/gems/ruby-1.8.6-p420/gems/activesupport-2.3.14/lib/active_support/dependencies.rb:182:in `require'
    /Users/john/.rvm/gems/ruby-1.8.6-p420/gems/activesupport-2.3.14/lib/active_support/core_ext/kernel/requires.rb:7:in `require_library_or_gem'
    /Users/john/.rvm/gems/ruby-1.8.6-p420/gems/activesupport-2.3.14/lib/active_support/core_ext/kernel/reporting.rb:11:in `silence_warnings'
    /Users/john/.rvm/gems/ruby-1.8.6-p420/gems/activesupport-2.3.14/lib/active_support/core_ext/kernel/requires.rb:5:in `require_library_or_gem'
    /Users/john/.rvm/gems/ruby-1.8.6-p420/gems/activerecord-2.3.14/lib/active_record/connection_adapters/sqlite3_adapter.rb:10:in `sqlite3_connection'
    /Users/john/.rvm/gems/ruby-1.8.6-p420/gems/activerecord-2.3.14/lib/active_record/connection_adapters/abstract/connection_pool.rb:223:in `send'
    /Users/john/.rvm/gems/ruby-1.8.6-p420/gems/activerecord-2.3.14/lib/active_record/connection_adapters/abstract/connection_pool.rb:223:in `new_connection'
    /Users/john/.rvm/gems/ruby-1.8.6-p420/gems/activerecord-2.3.14/lib/active_record/connection_adapters/abstract/connection_pool.rb:245:in `checkout_new_connection'
    /Users/john/.rvm/gems/ruby-1.8.6-p420/gems/activerecord-2.3.14/lib/active_record/connection_adapters/abstract/connection_pool.rb:188:in `checkout'
    /Users/john/.rvm/gems/ruby-1.8.6-p420/gems/activerecord-2.3.14/lib/active_record/connection_adapters/abstract/connection_pool.rb:184:in `loop'
    /Users/john/.rvm/gems/ruby-1.8.6-p420/gems/activerecord-2.3.14/lib/active_record/connection_adapters/abstract/connection_pool.rb:184:in `checkout'
    /Users/john/.rvm/rubies/ruby-1.8.6-p420/lib/ruby/1.8/monitor.rb:242:in `synchronize'
    /Users/john/.rvm/gems/ruby-1.8.6-p420/gems/activerecord-2.3.14/lib/active_record/connection_adapters/abstract/connection_pool.rb:183:in `checkout'
    /Users/john/.rvm/gems/ruby-1.8.6-p420/gems/activerecord-2.3.14/lib/active_record/connection_adapters/abstract/connection_pool.rb:98:in `connection'
    /Users/john/.rvm/gems/ruby-1.8.6-p420/gems/activerecord-2.3.14/lib/active_record/connection_adapters/abstract/connection_pool.rb:326:in `retrieve_connection'
    /Users/john/.rvm/gems/ruby-1.8.6-p420/gems/activerecord-2.3.14/lib/active_record/connection_adapters/abstract/connection_specification.rb:123:in `retrieve_connection'
    /Users/john/.rvm/gems/ruby-1.8.6-p420/gems/activerecord-2.3.14/lib/active_record/connection_adapters/abstract/connection_specification.rb:115:in `connection'
    /Users/john/.rvm/gems/ruby-1.8.6-p420/gems/activerecord-2.3.14/lib/active_record/query_cache.rb:9:in `cache'
    /Users/john/.rvm/gems/ruby-1.8.6-p420/gems/activerecord-2.3.14/lib/active_record/query_cache.rb:28:in `call'
    /Users/john/.rvm/gems/ruby-1.8.6-p420/gems/activerecord-2.3.14/lib/active_record/connection_adapters/abstract/connection_pool.rb:361:in `call'
    /Users/john/.rvm/gems/ruby-1.8.6-p420/gems/actionpack-2.3.14/lib/action_controller/string_coercion.rb:25:in `call'
    /Users/john/.rvm/gems/ruby-1.8.6-p420/gems/rack-1.1.6/lib/rack/head.rb:9:in `call'
    /Users/john/.rvm/gems/ruby-1.8.6-p420/gems/rack-1.1.6/lib/rack/methodoverride.rb:24:in `call'
    /Users/john/.rvm/gems/ruby-1.8.6-p420/gems/actionpack-2.3.14/lib/action_controller/params_parser.rb:15:in `call'
    /Users/john/.rvm/gems/ruby-1.8.6-p420/gems/actionpack-2.3.14/lib/action_controller/session/cookie_store.rb:99:in `call'
    /Users/john/.rvm/gems/ruby-1.8.6-p420/gems/actionpack-2.3.14/lib/action_controller/failsafe.rb:26:in `call'
    /Users/john/.rvm/gems/ruby-1.8.6-p420/gems/rack-1.1.6/lib/rack/lock.rb:11:in `call'
    /Users/john/.rvm/gems/ruby-1.8.6-p420/gems/rack-1.1.6/lib/rack/lock.rb:11:in `synchronize'
    /Users/john/.rvm/gems/ruby-1.8.6-p420/gems/rack-1.1.6/lib/rack/lock.rb:11:in `call'
    /Users/john/.rvm/gems/ruby-1.8.6-p420/gems/actionpack-2.3.14/lib/action_controller/dispatcher.rb:114:in `call'
    /Users/john/.rvm/gems/ruby-1.8.6-p420/gems/actionpack-2.3.14/lib/action_controller/reloader.rb:34:in `run'
    /Users/john/.rvm/gems/ruby-1.8.6-p420/gems/actionpack-2.3.14/lib/action_controller/dispatcher.rb:108:in `call'
    /Users/john/.rvm/gems/ruby-1.8.6-p420/gems/rails-2.3.14/lib/rails/rack/static.rb:31:in `call'
    /Users/john/.rvm/gems/ruby-1.8.6-p420/gems/rack-1.1.6/lib/rack/urlmap.rb:47:in `call'
    /Users/john/.rvm/gems/ruby-1.8.6-p420/gems/rack-1.1.6/lib/rack/urlmap.rb:41:in `each'
    /Users/john/.rvm/gems/ruby-1.8.6-p420/gems/rack-1.1.6/lib/rack/urlmap.rb:41:in `call'
    /Users/john/.rvm/gems/ruby-1.8.6-p420/gems/rails-2.3.14/lib/rails/rack/log_tailer.rb:17:in `call'
    /Users/john/.rvm/gems/ruby-1.8.6-p420/gems/rack-1.1.6/lib/rack/content_length.rb:13:in `call'
    /Users/john/.rvm/gems/ruby-1.8.6-p420/gems/rack-1.1.6/lib/rack/handler/webrick.rb:48:in `service'
    /Users/john/.rvm/rubies/ruby-1.8.6-p420/lib/ruby/1.8/webrick/httpserver.rb:104:in `service'
    /Users/john/.rvm/rubies/ruby-1.8.6-p420/lib/ruby/1.8/webrick/httpserver.rb:65:in `run'
    /Users/john/.rvm/rubies/ruby-1.8.6-p420/lib/ruby/1.8/webrick/server.rb:173:in `start_thread'
    /Users/john/.rvm/rubies/ruby-1.8.6-p420/lib/ruby/1.8/webrick/server.rb:162:in `start'
    /Users/john/.rvm/rubies/ruby-1.8.6-p420/lib/ruby/1.8/webrick/server.rb:162:in `start_thread'
    /Users/john/.rvm/rubies/ruby-1.8.6-p420/lib/ruby/1.8/webrick/server.rb:95:in `start'
    /Users/john/.rvm/rubies/ruby-1.8.6-p420/lib/ruby/1.8/webrick/server.rb:92:in `each'
    /Users/john/.rvm/rubies/ruby-1.8.6-p420/lib/ruby/1.8/webrick/server.rb:92:in `start'
    /Users/john/.rvm/rubies/ruby-1.8.6-p420/lib/ruby/1.8/webrick/server.rb:23:in `start'
    /Users/john/.rvm/rubies/ruby-1.8.6-p420/lib/ruby/1.8/webrick/server.rb:82:in `start'
    /Users/john/.rvm/gems/ruby-1.8.6-p420/gems/rack-1.1.6/lib/rack/handler/webrick.rb:14:in `run'
    /Users/john/.rvm/gems/ruby-1.8.6-p420/gems/rails-2.3.14/lib/commands/server.rb:111
    /Users/john/.rvm/rubies/ruby-1.8.6-p420/lib/ruby/site_ruby/1.8/rubygems/custom_require.rb:31:in `gem_original_require'
    /Users/john/.rvm/rubies/ruby-1.8.6-p420/lib/ruby/site_ruby/1.8/rubygems/custom_require.rb:31:in `require'
    script/server:3
/!\ FAILSAFE /!\  Wed Oct 23 15:24:08 -0500 2013
  Status: 500 Internal Server Error
  no such file to load -- sqlite3
    /Users/john/.rvm/rubies/ruby-1.8.6-p420/lib/ruby/site_ruby/1.8/rubygems/custom_require.rb:31:in `gem_original_require'
    /Users/john/.rvm/rubies/ruby-1.8.6-p420/lib/ruby/site_ruby/1.8/rubygems/custom_require.rb:31:in `require'
    /Users/john/.rvm/gems/ruby-1.8.6-p420/gems/activesupport-2.3.14/lib/active_support/dependencies.rb:182:in `require'
    /Users/john/.rvm/gems/ruby-1.8.6-p420/gems/activesupport-2.3.14/lib/active_support/dependencies.rb:547:in `new_constants_in'
    /Users/john/.rvm/gems/ruby-1.8.6-p420/gems/activesupport-2.3.14/lib/active_support/dependencies.rb:182:in `require'
    /Users/john/.rvm/gems/ruby-1.8.6-p420/gems/activesupport-2.3.14/lib/active_support/core_ext/kernel/requires.rb:7:in `require_library_or_gem'
    /Users/john/.rvm/gems/ruby-1.8.6-p420/gems/activesupport-2.3.14/lib/active_support/core_ext/kernel/reporting.rb:11:in `silence_warnings'
    /Users/john/.rvm/gems/ruby-1.8.6-p420/gems/activesupport-2.3.14/lib/active_support/core_ext/kernel/requires.rb:5:in `require_library_or_gem'
    /Users/john/.rvm/gems/ruby-1.8.6-p420/gems/activerecord-2.3.14/lib/active_record/connection_adapters/sqlite3_adapter.rb:10:in `sqlite3_connection'
    /Users/john/.rvm/gems/ruby-1.8.6-p420/gems/activerecord-2.3.14/lib/active_record/connection_adapters/abstract/connection_pool.rb:223:in `send'
    /Users/john/.rvm/gems/ruby-1.8.6-p420/gems/activerecord-2.3.14/lib/active_record/connection_adapters/abstract/connection_pool.rb:223:in `new_connection'
    /Users/john/.rvm/gems/ruby-1.8.6-p420/gems/activerecord-2.3.14/lib/active_record/connection_adapters/abstract/connection_pool.rb:245:in `checkout_new_connection'
    /Users/john/.rvm/gems/ruby-1.8.6-p420/gems/activerecord-2.3.14/lib/active_record/connection_adapters/abstract/connection_pool.rb:188:in `checkout'
    /Users/john/.rvm/gems/ruby-1.8.6-p420/gems/activerecord-2.3.14/lib/active_record/connection_adapters/abstract/connection_pool.rb:184:in `loop'
    /Users/john/.rvm/gems/ruby-1.8.6-p420/gems/activerecord-2.3.14/lib/active_record/connection_adapters/abstract/connection_pool.rb:184:in `checkout'
    /Users/john/.rvm/rubies/ruby-1.8.6-p420/lib/ruby/1.8/monitor.rb:242:in `synchronize'
    /Users/john/.rvm/gems/ruby-1.8.6-p420/gems/activerecord-2.3.14/lib/active_record/connection_adapters/abstract/connection_pool.rb:183:in `checkout'
    /Users/john/.rvm/gems/ruby-1.8.6-p420/gems/activerecord-2.3.14/lib/active_record/connection_adapters/abstract/connection_pool.rb:98:in `connection'
    /Users/john/.rvm/gems/ruby-1.8.6-p420/gems/activerecord-2.3.14/lib/active_record/connection_adapters/abstract/connection_pool.rb:326:in `retrieve_connection'
    /Users/john/.rvm/gems/ruby-1.8.6-p420/gems/activerecord-2.3.14/lib/active_record/connection_adapters/abstract/connection_specification.rb:123:in `retrieve_connection'
    /Users/john/.rvm/gems/ruby-1.8.6-p420/gems/activerecord-2.3.14/lib/active_record/connection_adapters/abstract/connection_specification.rb:115:in `connection'
    /Users/john/.rvm/gems/ruby-1.8.6-p420/gems/activerecord-2.3.14/lib/active_record/query_cache.rb:9:in `cache'
    /Users/john/.rvm/gems/ruby-1.8.6-p420/gems/activerecord-2.3.14/lib/active_record/query_cache.rb:28:in `call'
    /Users/john/.rvm/gems/ruby-1.8.6-p420/gems/activerecord-2.3.14/lib/active_record/connection_adapters/abstract/connection_pool.rb:361:in `call'
    /Users/john/.rvm/gems/ruby-1.8.6-p420/gems/actionpack-2.3.14/lib/action_controller/string_coercion.rb:25:in `call'
    /Users/john/.rvm/gems/ruby-1.8.6-p420/gems/rack-1.1.6/lib/rack/head.rb:9:in `call'
    /Users/john/.rvm/gems/ruby-1.8.6-p420/gems/rack-1.1.6/lib/rack/methodoverride.rb:24:in `call'
    /Users/john/.rvm/gems/ruby-1.8.6-p420/gems/actionpack-2.3.14/lib/action_controller/params_parser.rb:15:in `call'
    /Users/john/.rvm/gems/ruby-1.8.6-p420/gems/actionpack-2.3.14/lib/action_controller/session/cookie_store.rb:99:in `call'
    /Users/john/.rvm/gems/ruby-1.8.6-p420/gems/actionpack-2.3.14/lib/action_controller/failsafe.rb:26:in `call'
    /Users/john/.rvm/gems/ruby-1.8.6-p420/gems/rack-1.1.6/lib/rack/lock.rb:11:in `call'
    /Users/john/.rvm/gems/ruby-1.8.6-p420/gems/rack-1.1.6/lib/rack/lock.rb:11:in `synchronize'
    /Users/john/.rvm/gems/ruby-1.8.6-p420/gems/rack-1.1.6/lib/rack/lock.rb:11:in `call'
    /Users/john/.rvm/gems/ruby-1.8.6-p420/gems/actionpack-2.3.14/lib/action_controller/dispatcher.rb:114:in `call'
    /Users/john/.rvm/gems/ruby-1.8.6-p420/gems/actionpack-2.3.14/lib/action_controller/reloader.rb:34:in `run'
    /Users/john/.rvm/gems/ruby-1.8.6-p420/gems/actionpack-2.3.14/lib/action_controller/dispatcher.rb:108:in `call'
    /Users/john/.rvm/gems/ruby-1.8.6-p420/gems/rails-2.3.14/lib/rails/rack/static.rb:31:in `call'
    /Users/john/.rvm/gems/ruby-1.8.6-p420/gems/rack-1.1.6/lib/rack/urlmap.rb:47:in `call'
    /Users/john/.rvm/gems/ruby-1.8.6-p420/gems/rack-1.1.6/lib/rack/urlmap.rb:41:in `each'
    /Users/john/.rvm/gems/ruby-1.8.6-p420/gems/rack-1.1.6/lib/rack/urlmap.rb:41:in `call'
    /Users/john/.rvm/gems/ruby-1.8.6-p420/gems/rails-2.3.14/lib/rails/rack/log_tailer.rb:17:in `call'
    /Users/john/.rvm/gems/ruby-1.8.6-p420/gems/rack-1.1.6/lib/rack/content_length.rb:13:in `call'
    /Users/john/.rvm/gems/ruby-1.8.6-p420/gems/rack-1.1.6/lib/rack/handler/webrick.rb:48:in `service'
    /Users/john/.rvm/rubies/ruby-1.8.6-p420/lib/ruby/1.8/webrick/httpserver.rb:104:in `service'
    /Users/john/.rvm/rubies/ruby-1.8.6-p420/lib/ruby/1.8/webrick/httpserver.rb:65:in `run'
    /Users/john/.rvm/rubies/ruby-1.8.6-p420/lib/ruby/1.8/webrick/server.rb:173:in `start_thread'
    /Users/john/.rvm/rubies/ruby-1.8.6-p420/lib/ruby/1.8/webrick/server.rb:162:in `start'
    /Users/john/.rvm/rubies/ruby-1.8.6-p420/lib/ruby/1.8/webrick/server.rb:162:in `start_thread'
    /Users/john/.rvm/rubies/ruby-1.8.6-p420/lib/ruby/1.8/webrick/server.rb:95:in `start'
    /Users/john/.rvm/rubies/ruby-1.8.6-p420/lib/ruby/1.8/webrick/server.rb:92:in `each'
    /Users/john/.rvm/rubies/ruby-1.8.6-p420/lib/ruby/1.8/webrick/server.rb:92:in `start'
    /Users/john/.rvm/rubies/ruby-1.8.6-p420/lib/ruby/1.8/webrick/server.rb:23:in `start'
    /Users/john/.rvm/rubies/ruby-1.8.6-p420/lib/ruby/1.8/webrick/server.rb:82:in `start'
    /Users/john/.rvm/gems/ruby-1.8.6-p420/gems/rack-1.1.6/lib/rack/handler/webrick.rb:14:in `run'
    /Users/john/.rvm/gems/ruby-1.8.6-p420/gems/rails-2.3.14/lib/commands/server.rb:111
    /Users/john/.rvm/rubies/ruby-1.8.6-p420/lib/ruby/site_ruby/1.8/rubygems/custom_require.rb:31:in `gem_original_require'
    /Users/john/.rvm/rubies/ruby-1.8.6-p420/lib/ruby/site_ruby/1.8/rubygems/custom_require.rb:31:in `require'
    script/server:3
/!\ FAILSAFE /!\  Wed Oct 23 15:24:09 -0500 2013
  Status: 500 Internal Server Error
  no such file to load -- sqlite3
    /Users/john/.rvm/rubies/ruby-1.8.6-p420/lib/ruby/site_ruby/1.8/rubygems/custom_require.rb:31:in `gem_original_require'
    /Users/john/.rvm/rubies/ruby-1.8.6-p420/lib/ruby/site_ruby/1.8/rubygems/custom_require.rb:31:in `require'
    /Users/john/.rvm/gems/ruby-1.8.6-p420/gems/activesupport-2.3.14/lib/active_support/dependencies.rb:182:in `require'
    /Users/john/.rvm/gems/ruby-1.8.6-p420/gems/activesupport-2.3.14/lib/active_support/dependencies.rb:547:in `new_constants_in'
    /Users/john/.rvm/gems/ruby-1.8.6-p420/gems/activesupport-2.3.14/lib/active_support/dependencies.rb:182:in `require'
    /Users/john/.rvm/gems/ruby-1.8.6-p420/gems/activesupport-2.3.14/lib/active_support/core_ext/kernel/requires.rb:7:in `require_library_or_gem'
    /Users/john/.rvm/gems/ruby-1.8.6-p420/gems/activesupport-2.3.14/lib/active_support/core_ext/kernel/reporting.rb:11:in `silence_warnings'
    /Users/john/.rvm/gems/ruby-1.8.6-p420/gems/activesupport-2.3.14/lib/active_support/core_ext/kernel/requires.rb:5:in `require_library_or_gem'
    /Users/john/.rvm/gems/ruby-1.8.6-p420/gems/activerecord-2.3.14/lib/active_record/connection_adapters/sqlite3_adapter.rb:10:in `sqlite3_connection'
    /Users/john/.rvm/gems/ruby-1.8.6-p420/gems/activerecord-2.3.14/lib/active_record/connection_adapters/abstract/connection_pool.rb:223:in `send'
    /Users/john/.rvm/gems/ruby-1.8.6-p420/gems/activerecord-2.3.14/lib/active_record/connection_adapters/abstract/connection_pool.rb:223:in `new_connection'
    /Users/john/.rvm/gems/ruby-1.8.6-p420/gems/activerecord-2.3.14/lib/active_record/connection_adapters/abstract/connection_pool.rb:245:in `checkout_new_connection'
    /Users/john/.rvm/gems/ruby-1.8.6-p420/gems/activerecord-2.3.14/lib/active_record/connection_adapters/abstract/connection_pool.rb:188:in `checkout'
    /Users/john/.rvm/gems/ruby-1.8.6-p420/gems/activerecord-2.3.14/lib/active_record/connection_adapters/abstract/connection_pool.rb:184:in `loop'
    /Users/john/.rvm/gems/ruby-1.8.6-p420/gems/activerecord-2.3.14/lib/active_record/connection_adapters/abstract/connection_pool.rb:184:in `checkout'
    /Users/john/.rvm/rubies/ruby-1.8.6-p420/lib/ruby/1.8/monitor.rb:242:in `synchronize'
    /Users/john/.rvm/gems/ruby-1.8.6-p420/gems/activerecord-2.3.14/lib/active_record/connection_adapters/abstract/connection_pool.rb:183:in `checkout'
    /Users/john/.rvm/gems/ruby-1.8.6-p420/gems/activerecord-2.3.14/lib/active_record/connection_adapters/abstract/connection_pool.rb:98:in `connection'
    /Users/john/.rvm/gems/ruby-1.8.6-p420/gems/activerecord-2.3.14/lib/active_record/connection_adapters/abstract/connection_pool.rb:326:in `retrieve_connection'
    /Users/john/.rvm/gems/ruby-1.8.6-p420/gems/activerecord-2.3.14/lib/active_record/connection_adapters/abstract/connection_specification.rb:123:in `retrieve_connection'
    /Users/john/.rvm/gems/ruby-1.8.6-p420/gems/activerecord-2.3.14/lib/active_record/connection_adapters/abstract/connection_specification.rb:115:in `connection'
    /Users/john/.rvm/gems/ruby-1.8.6-p420/gems/activerecord-2.3.14/lib/active_record/query_cache.rb:9:in `cache'
    /Users/john/.rvm/gems/ruby-1.8.6-p420/gems/activerecord-2.3.14/lib/active_record/query_cache.rb:28:in `call'
    /Users/john/.rvm/gems/ruby-1.8.6-p420/gems/activerecord-2.3.14/lib/active_record/connection_adapters/abstract/connection_pool.rb:361:in `call'
    /Users/john/.rvm/gems/ruby-1.8.6-p420/gems/actionpack-2.3.14/lib/action_controller/string_coercion.rb:25:in `call'
    /Users/john/.rvm/gems/ruby-1.8.6-p420/gems/rack-1.1.6/lib/rack/head.rb:9:in `call'
    /Users/john/.rvm/gems/ruby-1.8.6-p420/gems/rack-1.1.6/lib/rack/methodoverride.rb:24:in `call'
    /Users/john/.rvm/gems/ruby-1.8.6-p420/gems/actionpack-2.3.14/lib/action_controller/params_parser.rb:15:in `call'
    /Users/john/.rvm/gems/ruby-1.8.6-p420/gems/actionpack-2.3.14/lib/action_controller/session/cookie_store.rb:99:in `call'
    /Users/john/.rvm/gems/ruby-1.8.6-p420/gems/actionpack-2.3.14/lib/action_controller/failsafe.rb:26:in `call'
    /Users/john/.rvm/gems/ruby-1.8.6-p420/gems/rack-1.1.6/lib/rack/lock.rb:11:in `call'
    /Users/john/.rvm/gems/ruby-1.8.6-p420/gems/rack-1.1.6/lib/rack/lock.rb:11:in `synchronize'
    /Users/john/.rvm/gems/ruby-1.8.6-p420/gems/rack-1.1.6/lib/rack/lock.rb:11:in `call'
    /Users/john/.rvm/gems/ruby-1.8.6-p420/gems/actionpack-2.3.14/lib/action_controller/dispatcher.rb:114:in `call'
    /Users/john/.rvm/gems/ruby-1.8.6-p420/gems/actionpack-2.3.14/lib/action_controller/reloader.rb:34:in `run'
    /Users/john/.rvm/gems/ruby-1.8.6-p420/gems/actionpack-2.3.14/lib/action_controller/dispatcher.rb:108:in `call'
    /Users/john/.rvm/gems/ruby-1.8.6-p420/gems/rails-2.3.14/lib/rails/rack/static.rb:31:in `call'
    /Users/john/.rvm/gems/ruby-1.8.6-p420/gems/rack-1.1.6/lib/rack/urlmap.rb:47:in `call'
    /Users/john/.rvm/gems/ruby-1.8.6-p420/gems/rack-1.1.6/lib/rack/urlmap.rb:41:in `each'
    /Users/john/.rvm/gems/ruby-1.8.6-p420/gems/rack-1.1.6/lib/rack/urlmap.rb:41:in `call'
    /Users/john/.rvm/gems/ruby-1.8.6-p420/gems/rails-2.3.14/lib/rails/rack/log_tailer.rb:17:in `call'
    /Users/john/.rvm/gems/ruby-1.8.6-p420/gems/rack-1.1.6/lib/rack/content_length.rb:13:in `call'
    /Users/john/.rvm/gems/ruby-1.8.6-p420/gems/rack-1.1.6/lib/rack/handler/webrick.rb:48:in `service'
    /Users/john/.rvm/rubies/ruby-1.8.6-p420/lib/ruby/1.8/webrick/httpserver.rb:104:in `service'
    /Users/john/.rvm/rubies/ruby-1.8.6-p420/lib/ruby/1.8/webrick/httpserver.rb:65:in `run'
    /Users/john/.rvm/rubies/ruby-1.8.6-p420/lib/ruby/1.8/webrick/server.rb:173:in `start_thread'
    /Users/john/.rvm/rubies/ruby-1.8.6-p420/lib/ruby/1.8/webrick/server.rb:162:in `start'
    /Users/john/.rvm/rubies/ruby-1.8.6-p420/lib/ruby/1.8/webrick/server.rb:162:in `start_thread'
    /Users/john/.rvm/rubies/ruby-1.8.6-p420/lib/ruby/1.8/webrick/server.rb:95:in `start'
    /Users/john/.rvm/rubies/ruby-1.8.6-p420/lib/ruby/1.8/webrick/server.rb:92:in `each'
    /Users/john/.rvm/rubies/ruby-1.8.6-p420/lib/ruby/1.8/webrick/server.rb:92:in `start'
    /Users/john/.rvm/rubies/ruby-1.8.6-p420/lib/ruby/1.8/webrick/server.rb:23:in `start'
    /Users/john/.rvm/rubies/ruby-1.8.6-p420/lib/ruby/1.8/webrick/server.rb:82:in `start'
    /Users/john/.rvm/gems/ruby-1.8.6-p420/gems/rack-1.1.6/lib/rack/handler/webrick.rb:14:in `run'
    /Users/john/.rvm/gems/ruby-1.8.6-p420/gems/rails-2.3.14/lib/commands/server.rb:111
    /Users/john/.rvm/rubies/ruby-1.8.6-p420/lib/ruby/site_ruby/1.8/rubygems/custom_require.rb:31:in `gem_original_require'
    /Users/john/.rvm/rubies/ruby-1.8.6-p420/lib/ruby/site_ruby/1.8/rubygems/custom_require.rb:31:in `require'
    script/server:3
/!\ FAILSAFE /!\  Wed Oct 23 15:24:09 -0500 2013
  Status: 500 Internal Server Error
  no such file to load -- sqlite3
    /Users/john/.rvm/rubies/ruby-1.8.6-p420/lib/ruby/site_ruby/1.8/rubygems/custom_require.rb:31:in `gem_original_require'
    /Users/john/.rvm/rubies/ruby-1.8.6-p420/lib/ruby/site_ruby/1.8/rubygems/custom_require.rb:31:in `require'
    /Users/john/.rvm/gems/ruby-1.8.6-p420/gems/activesupport-2.3.14/lib/active_support/dependencies.rb:182:in `require'
    /Users/john/.rvm/gems/ruby-1.8.6-p420/gems/activesupport-2.3.14/lib/active_support/dependencies.rb:547:in `new_constants_in'
    /Users/john/.rvm/gems/ruby-1.8.6-p420/gems/activesupport-2.3.14/lib/active_support/dependencies.rb:182:in `require'
    /Users/john/.rvm/gems/ruby-1.8.6-p420/gems/activesupport-2.3.14/lib/active_support/core_ext/kernel/requires.rb:7:in `require_library_or_gem'
    /Users/john/.rvm/gems/ruby-1.8.6-p420/gems/activesupport-2.3.14/lib/active_support/core_ext/kernel/reporting.rb:11:in `silence_warnings'
    /Users/john/.rvm/gems/ruby-1.8.6-p420/gems/activesupport-2.3.14/lib/active_support/core_ext/kernel/requires.rb:5:in `require_library_or_gem'
    /Users/john/.rvm/gems/ruby-1.8.6-p420/gems/activerecord-2.3.14/lib/active_record/connection_adapters/sqlite3_adapter.rb:10:in `sqlite3_connection'
    /Users/john/.rvm/gems/ruby-1.8.6-p420/gems/activerecord-2.3.14/lib/active_record/connection_adapters/abstract/connection_pool.rb:223:in `send'
    /Users/john/.rvm/gems/ruby-1.8.6-p420/gems/activerecord-2.3.14/lib/active_record/connection_adapters/abstract/connection_pool.rb:223:in `new_connection'
    /Users/john/.rvm/gems/ruby-1.8.6-p420/gems/activerecord-2.3.14/lib/active_record/connection_adapters/abstract/connection_pool.rb:245:in `checkout_new_connection'
    /Users/john/.rvm/gems/ruby-1.8.6-p420/gems/activerecord-2.3.14/lib/active_record/connection_adapters/abstract/connection_pool.rb:188:in `checkout'
    /Users/john/.rvm/gems/ruby-1.8.6-p420/gems/activerecord-2.3.14/lib/active_record/connection_adapters/abstract/connection_pool.rb:184:in `loop'
    /Users/john/.rvm/gems/ruby-1.8.6-p420/gems/activerecord-2.3.14/lib/active_record/connection_adapters/abstract/connection_pool.rb:184:in `checkout'
    /Users/john/.rvm/rubies/ruby-1.8.6-p420/lib/ruby/1.8/monitor.rb:242:in `synchronize'
    /Users/john/.rvm/gems/ruby-1.8.6-p420/gems/activerecord-2.3.14/lib/active_record/connection_adapters/abstract/connection_pool.rb:183:in `checkout'
    /Users/john/.rvm/gems/ruby-1.8.6-p420/gems/activerecord-2.3.14/lib/active_record/connection_adapters/abstract/connection_pool.rb:98:in `connection'
    /Users/john/.rvm/gems/ruby-1.8.6-p420/gems/activerecord-2.3.14/lib/active_record/connection_adapters/abstract/connection_pool.rb:326:in `retrieve_connection'
    /Users/john/.rvm/gems/ruby-1.8.6-p420/gems/activerecord-2.3.14/lib/active_record/connection_adapters/abstract/connection_specification.rb:123:in `retrieve_connection'
    /Users/john/.rvm/gems/ruby-1.8.6-p420/gems/activerecord-2.3.14/lib/active_record/connection_adapters/abstract/connection_specification.rb:115:in `connection'
    /Users/john/.rvm/gems/ruby-1.8.6-p420/gems/activerecord-2.3.14/lib/active_record/query_cache.rb:9:in `cache'
    /Users/john/.rvm/gems/ruby-1.8.6-p420/gems/activerecord-2.3.14/lib/active_record/query_cache.rb:28:in `call'
    /Users/john/.rvm/gems/ruby-1.8.6-p420/gems/activerecord-2.3.14/lib/active_record/connection_adapters/abstract/connection_pool.rb:361:in `call'
    /Users/john/.rvm/gems/ruby-1.8.6-p420/gems/actionpack-2.3.14/lib/action_controller/string_coercion.rb:25:in `call'
    /Users/john/.rvm/gems/ruby-1.8.6-p420/gems/rack-1.1.6/lib/rack/head.rb:9:in `call'
    /Users/john/.rvm/gems/ruby-1.8.6-p420/gems/rack-1.1.6/lib/rack/methodoverride.rb:24:in `call'
    /Users/john/.rvm/gems/ruby-1.8.6-p420/gems/actionpack-2.3.14/lib/action_controller/params_parser.rb:15:in `call'
    /Users/john/.rvm/gems/ruby-1.8.6-p420/gems/actionpack-2.3.14/lib/action_controller/session/cookie_store.rb:99:in `call'
    /Users/john/.rvm/gems/ruby-1.8.6-p420/gems/actionpack-2.3.14/lib/action_controller/failsafe.rb:26:in `call'
    /Users/john/.rvm/gems/ruby-1.8.6-p420/gems/rack-1.1.6/lib/rack/lock.rb:11:in `call'
    /Users/john/.rvm/gems/ruby-1.8.6-p420/gems/rack-1.1.6/lib/rack/lock.rb:11:in `synchronize'
    /Users/john/.rvm/gems/ruby-1.8.6-p420/gems/rack-1.1.6/lib/rack/lock.rb:11:in `call'
    /Users/john/.rvm/gems/ruby-1.8.6-p420/gems/actionpack-2.3.14/lib/action_controller/dispatcher.rb:114:in `call'
    /Users/john/.rvm/gems/ruby-1.8.6-p420/gems/actionpack-2.3.14/lib/action_controller/reloader.rb:34:in `run'
    /Users/john/.rvm/gems/ruby-1.8.6-p420/gems/actionpack-2.3.14/lib/action_controller/dispatcher.rb:108:in `call'
    /Users/john/.rvm/gems/ruby-1.8.6-p420/gems/rails-2.3.14/lib/rails/rack/static.rb:31:in `call'
    /Users/john/.rvm/gems/ruby-1.8.6-p420/gems/rack-1.1.6/lib/rack/urlmap.rb:47:in `call'
    /Users/john/.rvm/gems/ruby-1.8.6-p420/gems/rack-1.1.6/lib/rack/urlmap.rb:41:in `each'
    /Users/john/.rvm/gems/ruby-1.8.6-p420/gems/rack-1.1.6/lib/rack/urlmap.rb:41:in `call'
    /Users/john/.rvm/gems/ruby-1.8.6-p420/gems/rails-2.3.14/lib/rails/rack/log_tailer.rb:17:in `call'
    /Users/john/.rvm/gems/ruby-1.8.6-p420/gems/rack-1.1.6/lib/rack/content_length.rb:13:in `call'
    /Users/john/.rvm/gems/ruby-1.8.6-p420/gems/rack-1.1.6/lib/rack/handler/webrick.rb:48:in `service'
    /Users/john/.rvm/rubies/ruby-1.8.6-p420/lib/ruby/1.8/webrick/httpserver.rb:104:in `service'
    /Users/john/.rvm/rubies/ruby-1.8.6-p420/lib/ruby/1.8/webrick/httpserver.rb:65:in `run'
    /Users/john/.rvm/rubies/ruby-1.8.6-p420/lib/ruby/1.8/webrick/server.rb:173:in `start_thread'
    /Users/john/.rvm/rubies/ruby-1.8.6-p420/lib/ruby/1.8/webrick/server.rb:162:in `start'
    /Users/john/.rvm/rubies/ruby-1.8.6-p420/lib/ruby/1.8/webrick/server.rb:162:in `start_thread'
    /Users/john/.rvm/rubies/ruby-1.8.6-p420/lib/ruby/1.8/webrick/server.rb:95:in `start'
    /Users/john/.rvm/rubies/ruby-1.8.6-p420/lib/ruby/1.8/webrick/server.rb:92:in `each'
    /Users/john/.rvm/rubies/ruby-1.8.6-p420/lib/ruby/1.8/webrick/server.rb:92:in `start'
    /Users/john/.rvm/rubies/ruby-1.8.6-p420/lib/ruby/1.8/webrick/server.rb:23:in `start'
    /Users/john/.rvm/rubies/ruby-1.8.6-p420/lib/ruby/1.8/webrick/server.rb:82:in `start'
    /Users/john/.rvm/gems/ruby-1.8.6-p420/gems/rack-1.1.6/lib/rack/handler/webrick.rb:14:in `run'
    /Users/john/.rvm/gems/ruby-1.8.6-p420/gems/rails-2.3.14/lib/commands/server.rb:111
    /Users/john/.rvm/rubies/ruby-1.8.6-p420/lib/ruby/site_ruby/1.8/rubygems/custom_require.rb:31:in `gem_original_require'
    /Users/john/.rvm/rubies/ruby-1.8.6-p420/lib/ruby/site_ruby/1.8/rubygems/custom_require.rb:31:in `require'
    script/server:3
/!\ FAILSAFE /!\  Wed Oct 23 15:24:09 -0500 2013
  Status: 500 Internal Server Error
  no such file to load -- sqlite3
    /Users/john/.rvm/rubies/ruby-1.8.6-p420/lib/ruby/site_ruby/1.8/rubygems/custom_require.rb:31:in `gem_original_require'
    /Users/john/.rvm/rubies/ruby-1.8.6-p420/lib/ruby/site_ruby/1.8/rubygems/custom_require.rb:31:in `require'
    /Users/john/.rvm/gems/ruby-1.8.6-p420/gems/activesupport-2.3.14/lib/active_support/dependencies.rb:182:in `require'
    /Users/john/.rvm/gems/ruby-1.8.6-p420/gems/activesupport-2.3.14/lib/active_support/dependencies.rb:547:in `new_constants_in'
    /Users/john/.rvm/gems/ruby-1.8.6-p420/gems/activesupport-2.3.14/lib/active_support/dependencies.rb:182:in `require'
    /Users/john/.rvm/gems/ruby-1.8.6-p420/gems/activesupport-2.3.14/lib/active_support/core_ext/kernel/requires.rb:7:in `require_library_or_gem'
    /Users/john/.rvm/gems/ruby-1.8.6-p420/gems/activesupport-2.3.14/lib/active_support/core_ext/kernel/reporting.rb:11:in `silence_warnings'
    /Users/john/.rvm/gems/ruby-1.8.6-p420/gems/activesupport-2.3.14/lib/active_support/core_ext/kernel/requires.rb:5:in `require_library_or_gem'
    /Users/john/.rvm/gems/ruby-1.8.6-p420/gems/activerecord-2.3.14/lib/active_record/connection_adapters/sqlite3_adapter.rb:10:in `sqlite3_connection'
    /Users/john/.rvm/gems/ruby-1.8.6-p420/gems/activerecord-2.3.14/lib/active_record/connection_adapters/abstract/connection_pool.rb:223:in `send'
    /Users/john/.rvm/gems/ruby-1.8.6-p420/gems/activerecord-2.3.14/lib/active_record/connection_adapters/abstract/connection_pool.rb:223:in `new_connection'
    /Users/john/.rvm/gems/ruby-1.8.6-p420/gems/activerecord-2.3.14/lib/active_record/connection_adapters/abstract/connection_pool.rb:245:in `checkout_new_connection'
    /Users/john/.rvm/gems/ruby-1.8.6-p420/gems/activerecord-2.3.14/lib/active_record/connection_adapters/abstract/connection_pool.rb:188:in `checkout'
    /Users/john/.rvm/gems/ruby-1.8.6-p420/gems/activerecord-2.3.14/lib/active_record/connection_adapters/abstract/connection_pool.rb:184:in `loop'
    /Users/john/.rvm/gems/ruby-1.8.6-p420/gems/activerecord-2.3.14/lib/active_record/connection_adapters/abstract/connection_pool.rb:184:in `checkout'
    /Users/john/.rvm/rubies/ruby-1.8.6-p420/lib/ruby/1.8/monitor.rb:242:in `synchronize'
    /Users/john/.rvm/gems/ruby-1.8.6-p420/gems/activerecord-2.3.14/lib/active_record/connection_adapters/abstract/connection_pool.rb:183:in `checkout'
    /Users/john/.rvm/gems/ruby-1.8.6-p420/gems/activerecord-2.3.14/lib/active_record/connection_adapters/abstract/connection_pool.rb:98:in `connection'
    /Users/john/.rvm/gems/ruby-1.8.6-p420/gems/activerecord-2.3.14/lib/active_record/connection_adapters/abstract/connection_pool.rb:326:in `retrieve_connection'
    /Users/john/.rvm/gems/ruby-1.8.6-p420/gems/activerecord-2.3.14/lib/active_record/connection_adapters/abstract/connection_specification.rb:123:in `retrieve_connection'
    /Users/john/.rvm/gems/ruby-1.8.6-p420/gems/activerecord-2.3.14/lib/active_record/connection_adapters/abstract/connection_specification.rb:115:in `connection'
    /Users/john/.rvm/gems/ruby-1.8.6-p420/gems/activerecord-2.3.14/lib/active_record/query_cache.rb:9:in `cache'
    /Users/john/.rvm/gems/ruby-1.8.6-p420/gems/activerecord-2.3.14/lib/active_record/query_cache.rb:28:in `call'
    /Users/john/.rvm/gems/ruby-1.8.6-p420/gems/activerecord-2.3.14/lib/active_record/connection_adapters/abstract/connection_pool.rb:361:in `call'
    /Users/john/.rvm/gems/ruby-1.8.6-p420/gems/actionpack-2.3.14/lib/action_controller/string_coercion.rb:25:in `call'
    /Users/john/.rvm/gems/ruby-1.8.6-p420/gems/rack-1.1.6/lib/rack/head.rb:9:in `call'
    /Users/john/.rvm/gems/ruby-1.8.6-p420/gems/rack-1.1.6/lib/rack/methodoverride.rb:24:in `call'
    /Users/john/.rvm/gems/ruby-1.8.6-p420/gems/actionpack-2.3.14/lib/action_controller/params_parser.rb:15:in `call'
    /Users/john/.rvm/gems/ruby-1.8.6-p420/gems/actionpack-2.3.14/lib/action_controller/session/cookie_store.rb:99:in `call'
    /Users/john/.rvm/gems/ruby-1.8.6-p420/gems/actionpack-2.3.14/lib/action_controller/failsafe.rb:26:in `call'
    /Users/john/.rvm/gems/ruby-1.8.6-p420/gems/rack-1.1.6/lib/rack/lock.rb:11:in `call'
    /Users/john/.rvm/gems/ruby-1.8.6-p420/gems/rack-1.1.6/lib/rack/lock.rb:11:in `synchronize'
    /Users/john/.rvm/gems/ruby-1.8.6-p420/gems/rack-1.1.6/lib/rack/lock.rb:11:in `call'
    /Users/john/.rvm/gems/ruby-1.8.6-p420/gems/actionpack-2.3.14/lib/action_controller/dispatcher.rb:114:in `call'
    /Users/john/.rvm/gems/ruby-1.8.6-p420/gems/actionpack-2.3.14/lib/action_controller/reloader.rb:34:in `run'
    /Users/john/.rvm/gems/ruby-1.8.6-p420/gems/actionpack-2.3.14/lib/action_controller/dispatcher.rb:108:in `call'
    /Users/john/.rvm/gems/ruby-1.8.6-p420/gems/rails-2.3.14/lib/rails/rack/static.rb:31:in `call'
    /Users/john/.rvm/gems/ruby-1.8.6-p420/gems/rack-1.1.6/lib/rack/urlmap.rb:47:in `call'
    /Users/john/.rvm/gems/ruby-1.8.6-p420/gems/rack-1.1.6/lib/rack/urlmap.rb:41:in `each'
    /Users/john/.rvm/gems/ruby-1.8.6-p420/gems/rack-1.1.6/lib/rack/urlmap.rb:41:in `call'
    /Users/john/.rvm/gems/ruby-1.8.6-p420/gems/rails-2.3.14/lib/rails/rack/log_tailer.rb:17:in `call'
    /Users/john/.rvm/gems/ruby-1.8.6-p420/gems/rack-1.1.6/lib/rack/content_length.rb:13:in `call'
    /Users/john/.rvm/gems/ruby-1.8.6-p420/gems/rack-1.1.6/lib/rack/handler/webrick.rb:48:in `service'
    /Users/john/.rvm/rubies/ruby-1.8.6-p420/lib/ruby/1.8/webrick/httpserver.rb:104:in `service'
    /Users/john/.rvm/rubies/ruby-1.8.6-p420/lib/ruby/1.8/webrick/httpserver.rb:65:in `run'
    /Users/john/.rvm/rubies/ruby-1.8.6-p420/lib/ruby/1.8/webrick/server.rb:173:in `start_thread'
    /Users/john/.rvm/rubies/ruby-1.8.6-p420/lib/ruby/1.8/webrick/server.rb:162:in `start'
    /Users/john/.rvm/rubies/ruby-1.8.6-p420/lib/ruby/1.8/webrick/server.rb:162:in `start_thread'
    /Users/john/.rvm/rubies/ruby-1.8.6-p420/lib/ruby/1.8/webrick/server.rb:95:in `start'
    /Users/john/.rvm/rubies/ruby-1.8.6-p420/lib/ruby/1.8/webrick/server.rb:92:in `each'
    /Users/john/.rvm/rubies/ruby-1.8.6-p420/lib/ruby/1.8/webrick/server.rb:92:in `start'
    /Users/john/.rvm/rubies/ruby-1.8.6-p420/lib/ruby/1.8/webrick/server.rb:23:in `start'
    /Users/john/.rvm/rubies/ruby-1.8.6-p420/lib/ruby/1.8/webrick/server.rb:82:in `start'
    /Users/john/.rvm/gems/ruby-1.8.6-p420/gems/rack-1.1.6/lib/rack/handler/webrick.rb:14:in `run'
    /Users/john/.rvm/gems/ruby-1.8.6-p420/gems/rails-2.3.14/lib/commands/server.rb:111
    /Users/john/.rvm/rubies/ruby-1.8.6-p420/lib/ruby/site_ruby/1.8/rubygems/custom_require.rb:31:in `gem_original_require'
    /Users/john/.rvm/rubies/ruby-1.8.6-p420/lib/ruby/site_ruby/1.8/rubygems/custom_require.rb:31:in `require'
    script/server:3
/!\ FAILSAFE /!\  Wed Oct 23 15:24:09 -0500 2013
  Status: 500 Internal Server Error
  no such file to load -- sqlite3
    /Users/john/.rvm/rubies/ruby-1.8.6-p420/lib/ruby/site_ruby/1.8/rubygems/custom_require.rb:31:in `gem_original_require'
    /Users/john/.rvm/rubies/ruby-1.8.6-p420/lib/ruby/site_ruby/1.8/rubygems/custom_require.rb:31:in `require'
    /Users/john/.rvm/gems/ruby-1.8.6-p420/gems/activesupport-2.3.14/lib/active_support/dependencies.rb:182:in `require'
    /Users/john/.rvm/gems/ruby-1.8.6-p420/gems/activesupport-2.3.14/lib/active_support/dependencies.rb:547:in `new_constants_in'
    /Users/john/.rvm/gems/ruby-1.8.6-p420/gems/activesupport-2.3.14/lib/active_support/dependencies.rb:182:in `require'
    /Users/john/.rvm/gems/ruby-1.8.6-p420/gems/activesupport-2.3.14/lib/active_support/core_ext/kernel/requires.rb:7:in `require_library_or_gem'
    /Users/john/.rvm/gems/ruby-1.8.6-p420/gems/activesupport-2.3.14/lib/active_support/core_ext/kernel/reporting.rb:11:in `silence_warnings'
    /Users/john/.rvm/gems/ruby-1.8.6-p420/gems/activesupport-2.3.14/lib/active_support/core_ext/kernel/requires.rb:5:in `require_library_or_gem'
    /Users/john/.rvm/gems/ruby-1.8.6-p420/gems/activerecord-2.3.14/lib/active_record/connection_adapters/sqlite3_adapter.rb:10:in `sqlite3_connection'
    /Users/john/.rvm/gems/ruby-1.8.6-p420/gems/activerecord-2.3.14/lib/active_record/connection_adapters/abstract/connection_pool.rb:223:in `send'
    /Users/john/.rvm/gems/ruby-1.8.6-p420/gems/activerecord-2.3.14/lib/active_record/connection_adapters/abstract/connection_pool.rb:223:in `new_connection'
    /Users/john/.rvm/gems/ruby-1.8.6-p420/gems/activerecord-2.3.14/lib/active_record/connection_adapters/abstract/connection_pool.rb:245:in `checkout_new_connection'
    /Users/john/.rvm/gems/ruby-1.8.6-p420/gems/activerecord-2.3.14/lib/active_record/connection_adapters/abstract/connection_pool.rb:188:in `checkout'
    /Users/john/.rvm/gems/ruby-1.8.6-p420/gems/activerecord-2.3.14/lib/active_record/connection_adapters/abstract/connection_pool.rb:184:in `loop'
    /Users/john/.rvm/gems/ruby-1.8.6-p420/gems/activerecord-2.3.14/lib/active_record/connection_adapters/abstract/connection_pool.rb:184:in `checkout'
    /Users/john/.rvm/rubies/ruby-1.8.6-p420/lib/ruby/1.8/monitor.rb:242:in `synchronize'
    /Users/john/.rvm/gems/ruby-1.8.6-p420/gems/activerecord-2.3.14/lib/active_record/connection_adapters/abstract/connection_pool.rb:183:in `checkout'
    /Users/john/.rvm/gems/ruby-1.8.6-p420/gems/activerecord-2.3.14/lib/active_record/connection_adapters/abstract/connection_pool.rb:98:in `connection'
    /Users/john/.rvm/gems/ruby-1.8.6-p420/gems/activerecord-2.3.14/lib/active_record/connection_adapters/abstract/connection_pool.rb:326:in `retrieve_connection'
    /Users/john/.rvm/gems/ruby-1.8.6-p420/gems/activerecord-2.3.14/lib/active_record/connection_adapters/abstract/connection_specification.rb:123:in `retrieve_connection'
    /Users/john/.rvm/gems/ruby-1.8.6-p420/gems/activerecord-2.3.14/lib/active_record/connection_adapters/abstract/connection_specification.rb:115:in `connection'
    /Users/john/.rvm/gems/ruby-1.8.6-p420/gems/activerecord-2.3.14/lib/active_record/query_cache.rb:9:in `cache'
    /Users/john/.rvm/gems/ruby-1.8.6-p420/gems/activerecord-2.3.14/lib/active_record/query_cache.rb:28:in `call'
    /Users/john/.rvm/gems/ruby-1.8.6-p420/gems/activerecord-2.3.14/lib/active_record/connection_adapters/abstract/connection_pool.rb:361:in `call'
    /Users/john/.rvm/gems/ruby-1.8.6-p420/gems/actionpack-2.3.14/lib/action_controller/string_coercion.rb:25:in `call'
    /Users/john/.rvm/gems/ruby-1.8.6-p420/gems/rack-1.1.6/lib/rack/head.rb:9:in `call'
    /Users/john/.rvm/gems/ruby-1.8.6-p420/gems/rack-1.1.6/lib/rack/methodoverride.rb:24:in `call'
    /Users/john/.rvm/gems/ruby-1.8.6-p420/gems/actionpack-2.3.14/lib/action_controller/params_parser.rb:15:in `call'
    /Users/john/.rvm/gems/ruby-1.8.6-p420/gems/actionpack-2.3.14/lib/action_controller/session/cookie_store.rb:99:in `call'
    /Users/john/.rvm/gems/ruby-1.8.6-p420/gems/actionpack-2.3.14/lib/action_controller/failsafe.rb:26:in `call'
    /Users/john/.rvm/gems/ruby-1.8.6-p420/gems/rack-1.1.6/lib/rack/lock.rb:11:in `call'
    /Users/john/.rvm/gems/ruby-1.8.6-p420/gems/rack-1.1.6/lib/rack/lock.rb:11:in `synchronize'
    /Users/john/.rvm/gems/ruby-1.8.6-p420/gems/rack-1.1.6/lib/rack/lock.rb:11:in `call'
    /Users/john/.rvm/gems/ruby-1.8.6-p420/gems/actionpack-2.3.14/lib/action_controller/dispatcher.rb:114:in `call'
    /Users/john/.rvm/gems/ruby-1.8.6-p420/gems/actionpack-2.3.14/lib/action_controller/reloader.rb:34:in `run'
    /Users/john/.rvm/gems/ruby-1.8.6-p420/gems/actionpack-2.3.14/lib/action_controller/dispatcher.rb:108:in `call'
    /Users/john/.rvm/gems/ruby-1.8.6-p420/gems/rails-2.3.14/lib/rails/rack/static.rb:31:in `call'
    /Users/john/.rvm/gems/ruby-1.8.6-p420/gems/rack-1.1.6/lib/rack/urlmap.rb:47:in `call'
    /Users/john/.rvm/gems/ruby-1.8.6-p420/gems/rack-1.1.6/lib/rack/urlmap.rb:41:in `each'
    /Users/john/.rvm/gems/ruby-1.8.6-p420/gems/rack-1.1.6/lib/rack/urlmap.rb:41:in `call'
    /Users/john/.rvm/gems/ruby-1.8.6-p420/gems/rails-2.3.14/lib/rails/rack/log_tailer.rb:17:in `call'
    /Users/john/.rvm/gems/ruby-1.8.6-p420/gems/rack-1.1.6/lib/rack/content_length.rb:13:in `call'
    /Users/john/.rvm/gems/ruby-1.8.6-p420/gems/rack-1.1.6/lib/rack/handler/webrick.rb:48:in `service'
    /Users/john/.rvm/rubies/ruby-1.8.6-p420/lib/ruby/1.8/webrick/httpserver.rb:104:in `service'
    /Users/john/.rvm/rubies/ruby-1.8.6-p420/lib/ruby/1.8/webrick/httpserver.rb:65:in `run'
    /Users/john/.rvm/rubies/ruby-1.8.6-p420/lib/ruby/1.8/webrick/server.rb:173:in `start_thread'
    /Users/john/.rvm/rubies/ruby-1.8.6-p420/lib/ruby/1.8/webrick/server.rb:162:in `start'
    /Users/john/.rvm/rubies/ruby-1.8.6-p420/lib/ruby/1.8/webrick/server.rb:162:in `start_thread'
    /Users/john/.rvm/rubies/ruby-1.8.6-p420/lib/ruby/1.8/webrick/server.rb:95:in `start'
    /Users/john/.rvm/rubies/ruby-1.8.6-p420/lib/ruby/1.8/webrick/server.rb:92:in `each'
    /Users/john/.rvm/rubies/ruby-1.8.6-p420/lib/ruby/1.8/webrick/server.rb:92:in `start'
    /Users/john/.rvm/rubies/ruby-1.8.6-p420/lib/ruby/1.8/webrick/server.rb:23:in `start'
    /Users/john/.rvm/rubies/ruby-1.8.6-p420/lib/ruby/1.8/webrick/server.rb:82:in `start'
    /Users/john/.rvm/gems/ruby-1.8.6-p420/gems/rack-1.1.6/lib/rack/handler/webrick.rb:14:in `run'
    /Users/john/.rvm/gems/ruby-1.8.6-p420/gems/rails-2.3.14/lib/commands/server.rb:111
    /Users/john/.rvm/rubies/ruby-1.8.6-p420/lib/ruby/site_ruby/1.8/rubygems/custom_require.rb:31:in `gem_original_require'
    /Users/john/.rvm/rubies/ruby-1.8.6-p420/lib/ruby/site_ruby/1.8/rubygems/custom_require.rb:31:in `require'
    script/server:3
/!\ FAILSAFE /!\  Wed Oct 23 15:24:10 -0500 2013
  Status: 500 Internal Server Error
  no such file to load -- sqlite3
    /Users/john/.rvm/rubies/ruby-1.8.6-p420/lib/ruby/site_ruby/1.8/rubygems/custom_require.rb:31:in `gem_original_require'
    /Users/john/.rvm/rubies/ruby-1.8.6-p420/lib/ruby/site_ruby/1.8/rubygems/custom_require.rb:31:in `require'
    /Users/john/.rvm/gems/ruby-1.8.6-p420/gems/activesupport-2.3.14/lib/active_support/dependencies.rb:182:in `require'
    /Users/john/.rvm/gems/ruby-1.8.6-p420/gems/activesupport-2.3.14/lib/active_support/dependencies.rb:547:in `new_constants_in'
    /Users/john/.rvm/gems/ruby-1.8.6-p420/gems/activesupport-2.3.14/lib/active_support/dependencies.rb:182:in `require'
    /Users/john/.rvm/gems/ruby-1.8.6-p420/gems/activesupport-2.3.14/lib/active_support/core_ext/kernel/requires.rb:7:in `require_library_or_gem'
    /Users/john/.rvm/gems/ruby-1.8.6-p420/gems/activesupport-2.3.14/lib/active_support/core_ext/kernel/reporting.rb:11:in `silence_warnings'
    /Users/john/.rvm/gems/ruby-1.8.6-p420/gems/activesupport-2.3.14/lib/active_support/core_ext/kernel/requires.rb:5:in `require_library_or_gem'
    /Users/john/.rvm/gems/ruby-1.8.6-p420/gems/activerecord-2.3.14/lib/active_record/connection_adapters/sqlite3_adapter.rb:10:in `sqlite3_connection'
    /Users/john/.rvm/gems/ruby-1.8.6-p420/gems/activerecord-2.3.14/lib/active_record/connection_adapters/abstract/connection_pool.rb:223:in `send'
    /Users/john/.rvm/gems/ruby-1.8.6-p420/gems/activerecord-2.3.14/lib/active_record/connection_adapters/abstract/connection_pool.rb:223:in `new_connection'
    /Users/john/.rvm/gems/ruby-1.8.6-p420/gems/activerecord-2.3.14/lib/active_record/connection_adapters/abstract/connection_pool.rb:245:in `checkout_new_connection'
    /Users/john/.rvm/gems/ruby-1.8.6-p420/gems/activerecord-2.3.14/lib/active_record/connection_adapters/abstract/connection_pool.rb:188:in `checkout'
    /Users/john/.rvm/gems/ruby-1.8.6-p420/gems/activerecord-2.3.14/lib/active_record/connection_adapters/abstract/connection_pool.rb:184:in `loop'
    /Users/john/.rvm/gems/ruby-1.8.6-p420/gems/activerecord-2.3.14/lib/active_record/connection_adapters/abstract/connection_pool.rb:184:in `checkout'
    /Users/john/.rvm/rubies/ruby-1.8.6-p420/lib/ruby/1.8/monitor.rb:242:in `synchronize'
    /Users/john/.rvm/gems/ruby-1.8.6-p420/gems/activerecord-2.3.14/lib/active_record/connection_adapters/abstract/connection_pool.rb:183:in `checkout'
    /Users/john/.rvm/gems/ruby-1.8.6-p420/gems/activerecord-2.3.14/lib/active_record/connection_adapters/abstract/connection_pool.rb:98:in `connection'
    /Users/john/.rvm/gems/ruby-1.8.6-p420/gems/activerecord-2.3.14/lib/active_record/connection_adapters/abstract/connection_pool.rb:326:in `retrieve_connection'
    /Users/john/.rvm/gems/ruby-1.8.6-p420/gems/activerecord-2.3.14/lib/active_record/connection_adapters/abstract/connection_specification.rb:123:in `retrieve_connection'
    /Users/john/.rvm/gems/ruby-1.8.6-p420/gems/activerecord-2.3.14/lib/active_record/connection_adapters/abstract/connection_specification.rb:115:in `connection'
    /Users/john/.rvm/gems/ruby-1.8.6-p420/gems/activerecord-2.3.14/lib/active_record/query_cache.rb:9:in `cache'
    /Users/john/.rvm/gems/ruby-1.8.6-p420/gems/activerecord-2.3.14/lib/active_record/query_cache.rb:28:in `call'
    /Users/john/.rvm/gems/ruby-1.8.6-p420/gems/activerecord-2.3.14/lib/active_record/connection_adapters/abstract/connection_pool.rb:361:in `call'
    /Users/john/.rvm/gems/ruby-1.8.6-p420/gems/actionpack-2.3.14/lib/action_controller/string_coercion.rb:25:in `call'
    /Users/john/.rvm/gems/ruby-1.8.6-p420/gems/rack-1.1.6/lib/rack/head.rb:9:in `call'
    /Users/john/.rvm/gems/ruby-1.8.6-p420/gems/rack-1.1.6/lib/rack/methodoverride.rb:24:in `call'
    /Users/john/.rvm/gems/ruby-1.8.6-p420/gems/actionpack-2.3.14/lib/action_controller/params_parser.rb:15:in `call'
    /Users/john/.rvm/gems/ruby-1.8.6-p420/gems/actionpack-2.3.14/lib/action_controller/session/cookie_store.rb:99:in `call'
    /Users/john/.rvm/gems/ruby-1.8.6-p420/gems/actionpack-2.3.14/lib/action_controller/failsafe.rb:26:in `call'
    /Users/john/.rvm/gems/ruby-1.8.6-p420/gems/rack-1.1.6/lib/rack/lock.rb:11:in `call'
    /Users/john/.rvm/gems/ruby-1.8.6-p420/gems/rack-1.1.6/lib/rack/lock.rb:11:in `synchronize'
    /Users/john/.rvm/gems/ruby-1.8.6-p420/gems/rack-1.1.6/lib/rack/lock.rb:11:in `call'
    /Users/john/.rvm/gems/ruby-1.8.6-p420/gems/actionpack-2.3.14/lib/action_controller/dispatcher.rb:114:in `call'
    /Users/john/.rvm/gems/ruby-1.8.6-p420/gems/actionpack-2.3.14/lib/action_controller/reloader.rb:34:in `run'
    /Users/john/.rvm/gems/ruby-1.8.6-p420/gems/actionpack-2.3.14/lib/action_controller/dispatcher.rb:108:in `call'
    /Users/john/.rvm/gems/ruby-1.8.6-p420/gems/rails-2.3.14/lib/rails/rack/static.rb:31:in `call'
    /Users/john/.rvm/gems/ruby-1.8.6-p420/gems/rack-1.1.6/lib/rack/urlmap.rb:47:in `call'
    /Users/john/.rvm/gems/ruby-1.8.6-p420/gems/rack-1.1.6/lib/rack/urlmap.rb:41:in `each'
    /Users/john/.rvm/gems/ruby-1.8.6-p420/gems/rack-1.1.6/lib/rack/urlmap.rb:41:in `call'
    /Users/john/.rvm/gems/ruby-1.8.6-p420/gems/rails-2.3.14/lib/rails/rack/log_tailer.rb:17:in `call'
    /Users/john/.rvm/gems/ruby-1.8.6-p420/gems/rack-1.1.6/lib/rack/content_length.rb:13:in `call'
    /Users/john/.rvm/gems/ruby-1.8.6-p420/gems/rack-1.1.6/lib/rack/handler/webrick.rb:48:in `service'
    /Users/john/.rvm/rubies/ruby-1.8.6-p420/lib/ruby/1.8/webrick/httpserver.rb:104:in `service'
    /Users/john/.rvm/rubies/ruby-1.8.6-p420/lib/ruby/1.8/webrick/httpserver.rb:65:in `run'
    /Users/john/.rvm/rubies/ruby-1.8.6-p420/lib/ruby/1.8/webrick/server.rb:173:in `start_thread'
    /Users/john/.rvm/rubies/ruby-1.8.6-p420/lib/ruby/1.8/webrick/server.rb:162:in `start'
    /Users/john/.rvm/rubies/ruby-1.8.6-p420/lib/ruby/1.8/webrick/server.rb:162:in `start_thread'
    /Users/john/.rvm/rubies/ruby-1.8.6-p420/lib/ruby/1.8/webrick/server.rb:95:in `start'
    /Users/john/.rvm/rubies/ruby-1.8.6-p420/lib/ruby/1.8/webrick/server.rb:92:in `each'
    /Users/john/.rvm/rubies/ruby-1.8.6-p420/lib/ruby/1.8/webrick/server.rb:92:in `start'
    /Users/john/.rvm/rubies/ruby-1.8.6-p420/lib/ruby/1.8/webrick/server.rb:23:in `start'
    /Users/john/.rvm/rubies/ruby-1.8.6-p420/lib/ruby/1.8/webrick/server.rb:82:in `start'
    /Users/john/.rvm/gems/ruby-1.8.6-p420/gems/rack-1.1.6/lib/rack/handler/webrick.rb:14:in `run'
    /Users/john/.rvm/gems/ruby-1.8.6-p420/gems/rails-2.3.14/lib/commands/server.rb:111
    /Users/john/.rvm/rubies/ruby-1.8.6-p420/lib/ruby/site_ruby/1.8/rubygems/custom_require.rb:31:in `gem_original_require'
    /Users/john/.rvm/rubies/ruby-1.8.6-p420/lib/ruby/site_ruby/1.8/rubygems/custom_require.rb:31:in `require'
    script/server:3
/!\ FAILSAFE /!\  Wed Oct 23 15:24:10 -0500 2013
  Status: 500 Internal Server Error
  no such file to load -- sqlite3
    /Users/john/.rvm/rubies/ruby-1.8.6-p420/lib/ruby/site_ruby/1.8/rubygems/custom_require.rb:31:in `gem_original_require'
    /Users/john/.rvm/rubies/ruby-1.8.6-p420/lib/ruby/site_ruby/1.8/rubygems/custom_require.rb:31:in `require'
    /Users/john/.rvm/gems/ruby-1.8.6-p420/gems/activesupport-2.3.14/lib/active_support/dependencies.rb:182:in `require'
    /Users/john/.rvm/gems/ruby-1.8.6-p420/gems/activesupport-2.3.14/lib/active_support/dependencies.rb:547:in `new_constants_in'
    /Users/john/.rvm/gems/ruby-1.8.6-p420/gems/activesupport-2.3.14/lib/active_support/dependencies.rb:182:in `require'
    /Users/john/.rvm/gems/ruby-1.8.6-p420/gems/activesupport-2.3.14/lib/active_support/core_ext/kernel/requires.rb:7:in `require_library_or_gem'
    /Users/john/.rvm/gems/ruby-1.8.6-p420/gems/activesupport-2.3.14/lib/active_support/core_ext/kernel/reporting.rb:11:in `silence_warnings'
    /Users/john/.rvm/gems/ruby-1.8.6-p420/gems/activesupport-2.3.14/lib/active_support/core_ext/kernel/requires.rb:5:in `require_library_or_gem'
    /Users/john/.rvm/gems/ruby-1.8.6-p420/gems/activerecord-2.3.14/lib/active_record/connection_adapters/sqlite3_adapter.rb:10:in `sqlite3_connection'
    /Users/john/.rvm/gems/ruby-1.8.6-p420/gems/activerecord-2.3.14/lib/active_record/connection_adapters/abstract/connection_pool.rb:223:in `send'
    /Users/john/.rvm/gems/ruby-1.8.6-p420/gems/activerecord-2.3.14/lib/active_record/connection_adapters/abstract/connection_pool.rb:223:in `new_connection'
    /Users/john/.rvm/gems/ruby-1.8.6-p420/gems/activerecord-2.3.14/lib/active_record/connection_adapters/abstract/connection_pool.rb:245:in `checkout_new_connection'
    /Users/john/.rvm/gems/ruby-1.8.6-p420/gems/activerecord-2.3.14/lib/active_record/connection_adapters/abstract/connection_pool.rb:188:in `checkout'
    /Users/john/.rvm/gems/ruby-1.8.6-p420/gems/activerecord-2.3.14/lib/active_record/connection_adapters/abstract/connection_pool.rb:184:in `loop'
    /Users/john/.rvm/gems/ruby-1.8.6-p420/gems/activerecord-2.3.14/lib/active_record/connection_adapters/abstract/connection_pool.rb:184:in `checkout'
    /Users/john/.rvm/rubies/ruby-1.8.6-p420/lib/ruby/1.8/monitor.rb:242:in `synchronize'
    /Users/john/.rvm/gems/ruby-1.8.6-p420/gems/activerecord-2.3.14/lib/active_record/connection_adapters/abstract/connection_pool.rb:183:in `checkout'
    /Users/john/.rvm/gems/ruby-1.8.6-p420/gems/activerecord-2.3.14/lib/active_record/connection_adapters/abstract/connection_pool.rb:98:in `connection'
    /Users/john/.rvm/gems/ruby-1.8.6-p420/gems/activerecord-2.3.14/lib/active_record/connection_adapters/abstract/connection_pool.rb:326:in `retrieve_connection'
    /Users/john/.rvm/gems/ruby-1.8.6-p420/gems/activerecord-2.3.14/lib/active_record/connection_adapters/abstract/connection_specification.rb:123:in `retrieve_connection'
    /Users/john/.rvm/gems/ruby-1.8.6-p420/gems/activerecord-2.3.14/lib/active_record/connection_adapters/abstract/connection_specification.rb:115:in `connection'
    /Users/john/.rvm/gems/ruby-1.8.6-p420/gems/activerecord-2.3.14/lib/active_record/query_cache.rb:9:in `cache'
    /Users/john/.rvm/gems/ruby-1.8.6-p420/gems/activerecord-2.3.14/lib/active_record/query_cache.rb:28:in `call'
    /Users/john/.rvm/gems/ruby-1.8.6-p420/gems/activerecord-2.3.14/lib/active_record/connection_adapters/abstract/connection_pool.rb:361:in `call'
    /Users/john/.rvm/gems/ruby-1.8.6-p420/gems/actionpack-2.3.14/lib/action_controller/string_coercion.rb:25:in `call'
    /Users/john/.rvm/gems/ruby-1.8.6-p420/gems/rack-1.1.6/lib/rack/head.rb:9:in `call'
    /Users/john/.rvm/gems/ruby-1.8.6-p420/gems/rack-1.1.6/lib/rack/methodoverride.rb:24:in `call'
    /Users/john/.rvm/gems/ruby-1.8.6-p420/gems/actionpack-2.3.14/lib/action_controller/params_parser.rb:15:in `call'
    /Users/john/.rvm/gems/ruby-1.8.6-p420/gems/actionpack-2.3.14/lib/action_controller/session/cookie_store.rb:99:in `call'
    /Users/john/.rvm/gems/ruby-1.8.6-p420/gems/actionpack-2.3.14/lib/action_controller/failsafe.rb:26:in `call'
    /Users/john/.rvm/gems/ruby-1.8.6-p420/gems/rack-1.1.6/lib/rack/lock.rb:11:in `call'
    /Users/john/.rvm/gems/ruby-1.8.6-p420/gems/rack-1.1.6/lib/rack/lock.rb:11:in `synchronize'
    /Users/john/.rvm/gems/ruby-1.8.6-p420/gems/rack-1.1.6/lib/rack/lock.rb:11:in `call'
    /Users/john/.rvm/gems/ruby-1.8.6-p420/gems/actionpack-2.3.14/lib/action_controller/dispatcher.rb:114:in `call'
    /Users/john/.rvm/gems/ruby-1.8.6-p420/gems/actionpack-2.3.14/lib/action_controller/reloader.rb:34:in `run'
    /Users/john/.rvm/gems/ruby-1.8.6-p420/gems/actionpack-2.3.14/lib/action_controller/dispatcher.rb:108:in `call'
    /Users/john/.rvm/gems/ruby-1.8.6-p420/gems/rails-2.3.14/lib/rails/rack/static.rb:31:in `call'
    /Users/john/.rvm/gems/ruby-1.8.6-p420/gems/rack-1.1.6/lib/rack/urlmap.rb:47:in `call'
    /Users/john/.rvm/gems/ruby-1.8.6-p420/gems/rack-1.1.6/lib/rack/urlmap.rb:41:in `each'
    /Users/john/.rvm/gems/ruby-1.8.6-p420/gems/rack-1.1.6/lib/rack/urlmap.rb:41:in `call'
    /Users/john/.rvm/gems/ruby-1.8.6-p420/gems/rails-2.3.14/lib/rails/rack/log_tailer.rb:17:in `call'
    /Users/john/.rvm/gems/ruby-1.8.6-p420/gems/rack-1.1.6/lib/rack/content_length.rb:13:in `call'
    /Users/john/.rvm/gems/ruby-1.8.6-p420/gems/rack-1.1.6/lib/rack/handler/webrick.rb:48:in `service'
    /Users/john/.rvm/rubies/ruby-1.8.6-p420/lib/ruby/1.8/webrick/httpserver.rb:104:in `service'
    /Users/john/.rvm/rubies/ruby-1.8.6-p420/lib/ruby/1.8/webrick/httpserver.rb:65:in `run'
    /Users/john/.rvm/rubies/ruby-1.8.6-p420/lib/ruby/1.8/webrick/server.rb:173:in `start_thread'
    /Users/john/.rvm/rubies/ruby-1.8.6-p420/lib/ruby/1.8/webrick/server.rb:162:in `start'
    /Users/john/.rvm/rubies/ruby-1.8.6-p420/lib/ruby/1.8/webrick/server.rb:162:in `start_thread'
    /Users/john/.rvm/rubies/ruby-1.8.6-p420/lib/ruby/1.8/webrick/server.rb:95:in `start'
    /Users/john/.rvm/rubies/ruby-1.8.6-p420/lib/ruby/1.8/webrick/server.rb:92:in `each'
    /Users/john/.rvm/rubies/ruby-1.8.6-p420/lib/ruby/1.8/webrick/server.rb:92:in `start'
    /Users/john/.rvm/rubies/ruby-1.8.6-p420/lib/ruby/1.8/webrick/server.rb:23:in `start'
    /Users/john/.rvm/rubies/ruby-1.8.6-p420/lib/ruby/1.8/webrick/server.rb:82:in `start'
    /Users/john/.rvm/gems/ruby-1.8.6-p420/gems/rack-1.1.6/lib/rack/handler/webrick.rb:14:in `run'
    /Users/john/.rvm/gems/ruby-1.8.6-p420/gems/rails-2.3.14/lib/commands/server.rb:111
    /Users/john/.rvm/rubies/ruby-1.8.6-p420/lib/ruby/site_ruby/1.8/rubygems/custom_require.rb:31:in `gem_original_require'
    /Users/john/.rvm/rubies/ruby-1.8.6-p420/lib/ruby/site_ruby/1.8/rubygems/custom_require.rb:31:in `require'
    script/server:3
/!\ FAILSAFE /!\  Wed Oct 23 15:24:10 -0500 2013
  Status: 500 Internal Server Error
  no such file to load -- sqlite3
    /Users/john/.rvm/rubies/ruby-1.8.6-p420/lib/ruby/site_ruby/1.8/rubygems/custom_require.rb:31:in `gem_original_require'
    /Users/john/.rvm/rubies/ruby-1.8.6-p420/lib/ruby/site_ruby/1.8/rubygems/custom_require.rb:31:in `require'
    /Users/john/.rvm/gems/ruby-1.8.6-p420/gems/activesupport-2.3.14/lib/active_support/dependencies.rb:182:in `require'
    /Users/john/.rvm/gems/ruby-1.8.6-p420/gems/activesupport-2.3.14/lib/active_support/dependencies.rb:547:in `new_constants_in'
    /Users/john/.rvm/gems/ruby-1.8.6-p420/gems/activesupport-2.3.14/lib/active_support/dependencies.rb:182:in `require'
    /Users/john/.rvm/gems/ruby-1.8.6-p420/gems/activesupport-2.3.14/lib/active_support/core_ext/kernel/requires.rb:7:in `require_library_or_gem'
    /Users/john/.rvm/gems/ruby-1.8.6-p420/gems/activesupport-2.3.14/lib/active_support/core_ext/kernel/reporting.rb:11:in `silence_warnings'
    /Users/john/.rvm/gems/ruby-1.8.6-p420/gems/activesupport-2.3.14/lib/active_support/core_ext/kernel/requires.rb:5:in `require_library_or_gem'
    /Users/john/.rvm/gems/ruby-1.8.6-p420/gems/activerecord-2.3.14/lib/active_record/connection_adapters/sqlite3_adapter.rb:10:in `sqlite3_connection'
    /Users/john/.rvm/gems/ruby-1.8.6-p420/gems/activerecord-2.3.14/lib/active_record/connection_adapters/abstract/connection_pool.rb:223:in `send'
    /Users/john/.rvm/gems/ruby-1.8.6-p420/gems/activerecord-2.3.14/lib/active_record/connection_adapters/abstract/connection_pool.rb:223:in `new_connection'
    /Users/john/.rvm/gems/ruby-1.8.6-p420/gems/activerecord-2.3.14/lib/active_record/connection_adapters/abstract/connection_pool.rb:245:in `checkout_new_connection'
    /Users/john/.rvm/gems/ruby-1.8.6-p420/gems/activerecord-2.3.14/lib/active_record/connection_adapters/abstract/connection_pool.rb:188:in `checkout'
    /Users/john/.rvm/gems/ruby-1.8.6-p420/gems/activerecord-2.3.14/lib/active_record/connection_adapters/abstract/connection_pool.rb:184:in `loop'
    /Users/john/.rvm/gems/ruby-1.8.6-p420/gems/activerecord-2.3.14/lib/active_record/connection_adapters/abstract/connection_pool.rb:184:in `checkout'
    /Users/john/.rvm/rubies/ruby-1.8.6-p420/lib/ruby/1.8/monitor.rb:242:in `synchronize'
    /Users/john/.rvm/gems/ruby-1.8.6-p420/gems/activerecord-2.3.14/lib/active_record/connection_adapters/abstract/connection_pool.rb:183:in `checkout'
    /Users/john/.rvm/gems/ruby-1.8.6-p420/gems/activerecord-2.3.14/lib/active_record/connection_adapters/abstract/connection_pool.rb:98:in `connection'
    /Users/john/.rvm/gems/ruby-1.8.6-p420/gems/activerecord-2.3.14/lib/active_record/connection_adapters/abstract/connection_pool.rb:326:in `retrieve_connection'
    /Users/john/.rvm/gems/ruby-1.8.6-p420/gems/activerecord-2.3.14/lib/active_record/connection_adapters/abstract/connection_specification.rb:123:in `retrieve_connection'
    /Users/john/.rvm/gems/ruby-1.8.6-p420/gems/activerecord-2.3.14/lib/active_record/connection_adapters/abstract/connection_specification.rb:115:in `connection'
    /Users/john/.rvm/gems/ruby-1.8.6-p420/gems/activerecord-2.3.14/lib/active_record/query_cache.rb:9:in `cache'
    /Users/john/.rvm/gems/ruby-1.8.6-p420/gems/activerecord-2.3.14/lib/active_record/query_cache.rb:28:in `call'
    /Users/john/.rvm/gems/ruby-1.8.6-p420/gems/activerecord-2.3.14/lib/active_record/connection_adapters/abstract/connection_pool.rb:361:in `call'
    /Users/john/.rvm/gems/ruby-1.8.6-p420/gems/actionpack-2.3.14/lib/action_controller/string_coercion.rb:25:in `call'
    /Users/john/.rvm/gems/ruby-1.8.6-p420/gems/rack-1.1.6/lib/rack/head.rb:9:in `call'
    /Users/john/.rvm/gems/ruby-1.8.6-p420/gems/rack-1.1.6/lib/rack/methodoverride.rb:24:in `call'
    /Users/john/.rvm/gems/ruby-1.8.6-p420/gems/actionpack-2.3.14/lib/action_controller/params_parser.rb:15:in `call'
    /Users/john/.rvm/gems/ruby-1.8.6-p420/gems/actionpack-2.3.14/lib/action_controller/session/cookie_store.rb:99:in `call'
    /Users/john/.rvm/gems/ruby-1.8.6-p420/gems/actionpack-2.3.14/lib/action_controller/failsafe.rb:26:in `call'
    /Users/john/.rvm/gems/ruby-1.8.6-p420/gems/rack-1.1.6/lib/rack/lock.rb:11:in `call'
    /Users/john/.rvm/gems/ruby-1.8.6-p420/gems/rack-1.1.6/lib/rack/lock.rb:11:in `synchronize'
    /Users/john/.rvm/gems/ruby-1.8.6-p420/gems/rack-1.1.6/lib/rack/lock.rb:11:in `call'
    /Users/john/.rvm/gems/ruby-1.8.6-p420/gems/actionpack-2.3.14/lib/action_controller/dispatcher.rb:114:in `call'
    /Users/john/.rvm/gems/ruby-1.8.6-p420/gems/actionpack-2.3.14/lib/action_controller/reloader.rb:34:in `run'
    /Users/john/.rvm/gems/ruby-1.8.6-p420/gems/actionpack-2.3.14/lib/action_controller/dispatcher.rb:108:in `call'
    /Users/john/.rvm/gems/ruby-1.8.6-p420/gems/rails-2.3.14/lib/rails/rack/static.rb:31:in `call'
    /Users/john/.rvm/gems/ruby-1.8.6-p420/gems/rack-1.1.6/lib/rack/urlmap.rb:47:in `call'
    /Users/john/.rvm/gems/ruby-1.8.6-p420/gems/rack-1.1.6/lib/rack/urlmap.rb:41:in `each'
    /Users/john/.rvm/gems/ruby-1.8.6-p420/gems/rack-1.1.6/lib/rack/urlmap.rb:41:in `call'
    /Users/john/.rvm/gems/ruby-1.8.6-p420/gems/rails-2.3.14/lib/rails/rack/log_tailer.rb:17:in `call'
    /Users/john/.rvm/gems/ruby-1.8.6-p420/gems/rack-1.1.6/lib/rack/content_length.rb:13:in `call'
    /Users/john/.rvm/gems/ruby-1.8.6-p420/gems/rack-1.1.6/lib/rack/handler/webrick.rb:48:in `service'
    /Users/john/.rvm/rubies/ruby-1.8.6-p420/lib/ruby/1.8/webrick/httpserver.rb:104:in `service'
    /Users/john/.rvm/rubies/ruby-1.8.6-p420/lib/ruby/1.8/webrick/httpserver.rb:65:in `run'
    /Users/john/.rvm/rubies/ruby-1.8.6-p420/lib/ruby/1.8/webrick/server.rb:173:in `start_thread'
    /Users/john/.rvm/rubies/ruby-1.8.6-p420/lib/ruby/1.8/webrick/server.rb:162:in `start'
    /Users/john/.rvm/rubies/ruby-1.8.6-p420/lib/ruby/1.8/webrick/server.rb:162:in `start_thread'
    /Users/john/.rvm/rubies/ruby-1.8.6-p420/lib/ruby/1.8/webrick/server.rb:95:in `start'
    /Users/john/.rvm/rubies/ruby-1.8.6-p420/lib/ruby/1.8/webrick/server.rb:92:in `each'
    /Users/john/.rvm/rubies/ruby-1.8.6-p420/lib/ruby/1.8/webrick/server.rb:92:in `start'
    /Users/john/.rvm/rubies/ruby-1.8.6-p420/lib/ruby/1.8/webrick/server.rb:23:in `start'
    /Users/john/.rvm/rubies/ruby-1.8.6-p420/lib/ruby/1.8/webrick/server.rb:82:in `start'
    /Users/john/.rvm/gems/ruby-1.8.6-p420/gems/rack-1.1.6/lib/rack/handler/webrick.rb:14:in `run'
    /Users/john/.rvm/gems/ruby-1.8.6-p420/gems/rails-2.3.14/lib/commands/server.rb:111
    /Users/john/.rvm/rubies/ruby-1.8.6-p420/lib/ruby/site_ruby/1.8/rubygems/custom_require.rb:31:in `gem_original_require'
    /Users/john/.rvm/rubies/ruby-1.8.6-p420/lib/ruby/site_ruby/1.8/rubygems/custom_require.rb:31:in `require'
    script/server:3
/!\ FAILSAFE /!\  Wed Oct 23 15:24:10 -0500 2013
  Status: 500 Internal Server Error
  no such file to load -- sqlite3
    /Users/john/.rvm/rubies/ruby-1.8.6-p420/lib/ruby/site_ruby/1.8/rubygems/custom_require.rb:31:in `gem_original_require'
    /Users/john/.rvm/rubies/ruby-1.8.6-p420/lib/ruby/site_ruby/1.8/rubygems/custom_require.rb:31:in `require'
    /Users/john/.rvm/gems/ruby-1.8.6-p420/gems/activesupport-2.3.14/lib/active_support/dependencies.rb:182:in `require'
    /Users/john/.rvm/gems/ruby-1.8.6-p420/gems/activesupport-2.3.14/lib/active_support/dependencies.rb:547:in `new_constants_in'
    /Users/john/.rvm/gems/ruby-1.8.6-p420/gems/activesupport-2.3.14/lib/active_support/dependencies.rb:182:in `require'
    /Users/john/.rvm/gems/ruby-1.8.6-p420/gems/activesupport-2.3.14/lib/active_support/core_ext/kernel/requires.rb:7:in `require_library_or_gem'
    /Users/john/.rvm/gems/ruby-1.8.6-p420/gems/activesupport-2.3.14/lib/active_support/core_ext/kernel/reporting.rb:11:in `silence_warnings'
    /Users/john/.rvm/gems/ruby-1.8.6-p420/gems/activesupport-2.3.14/lib/active_support/core_ext/kernel/requires.rb:5:in `require_library_or_gem'
    /Users/john/.rvm/gems/ruby-1.8.6-p420/gems/activerecord-2.3.14/lib/active_record/connection_adapters/sqlite3_adapter.rb:10:in `sqlite3_connection'
    /Users/john/.rvm/gems/ruby-1.8.6-p420/gems/activerecord-2.3.14/lib/active_record/connection_adapters/abstract/connection_pool.rb:223:in `send'
    /Users/john/.rvm/gems/ruby-1.8.6-p420/gems/activerecord-2.3.14/lib/active_record/connection_adapters/abstract/connection_pool.rb:223:in `new_connection'
    /Users/john/.rvm/gems/ruby-1.8.6-p420/gems/activerecord-2.3.14/lib/active_record/connection_adapters/abstract/connection_pool.rb:245:in `checkout_new_connection'
    /Users/john/.rvm/gems/ruby-1.8.6-p420/gems/activerecord-2.3.14/lib/active_record/connection_adapters/abstract/connection_pool.rb:188:in `checkout'
    /Users/john/.rvm/gems/ruby-1.8.6-p420/gems/activerecord-2.3.14/lib/active_record/connection_adapters/abstract/connection_pool.rb:184:in `loop'
    /Users/john/.rvm/gems/ruby-1.8.6-p420/gems/activerecord-2.3.14/lib/active_record/connection_adapters/abstract/connection_pool.rb:184:in `checkout'
    /Users/john/.rvm/rubies/ruby-1.8.6-p420/lib/ruby/1.8/monitor.rb:242:in `synchronize'
    /Users/john/.rvm/gems/ruby-1.8.6-p420/gems/activerecord-2.3.14/lib/active_record/connection_adapters/abstract/connection_pool.rb:183:in `checkout'
    /Users/john/.rvm/gems/ruby-1.8.6-p420/gems/activerecord-2.3.14/lib/active_record/connection_adapters/abstract/connection_pool.rb:98:in `connection'
    /Users/john/.rvm/gems/ruby-1.8.6-p420/gems/activerecord-2.3.14/lib/active_record/connection_adapters/abstract/connection_pool.rb:326:in `retrieve_connection'
    /Users/john/.rvm/gems/ruby-1.8.6-p420/gems/activerecord-2.3.14/lib/active_record/connection_adapters/abstract/connection_specification.rb:123:in `retrieve_connection'
    /Users/john/.rvm/gems/ruby-1.8.6-p420/gems/activerecord-2.3.14/lib/active_record/connection_adapters/abstract/connection_specification.rb:115:in `connection'
    /Users/john/.rvm/gems/ruby-1.8.6-p420/gems/activerecord-2.3.14/lib/active_record/query_cache.rb:9:in `cache'
    /Users/john/.rvm/gems/ruby-1.8.6-p420/gems/activerecord-2.3.14/lib/active_record/query_cache.rb:28:in `call'
    /Users/john/.rvm/gems/ruby-1.8.6-p420/gems/activerecord-2.3.14/lib/active_record/connection_adapters/abstract/connection_pool.rb:361:in `call'
    /Users/john/.rvm/gems/ruby-1.8.6-p420/gems/actionpack-2.3.14/lib/action_controller/string_coercion.rb:25:in `call'
    /Users/john/.rvm/gems/ruby-1.8.6-p420/gems/rack-1.1.6/lib/rack/head.rb:9:in `call'
    /Users/john/.rvm/gems/ruby-1.8.6-p420/gems/rack-1.1.6/lib/rack/methodoverride.rb:24:in `call'
    /Users/john/.rvm/gems/ruby-1.8.6-p420/gems/actionpack-2.3.14/lib/action_controller/params_parser.rb:15:in `call'
    /Users/john/.rvm/gems/ruby-1.8.6-p420/gems/actionpack-2.3.14/lib/action_controller/session/cookie_store.rb:99:in `call'
    /Users/john/.rvm/gems/ruby-1.8.6-p420/gems/actionpack-2.3.14/lib/action_controller/failsafe.rb:26:in `call'
    /Users/john/.rvm/gems/ruby-1.8.6-p420/gems/rack-1.1.6/lib/rack/lock.rb:11:in `call'
    /Users/john/.rvm/gems/ruby-1.8.6-p420/gems/rack-1.1.6/lib/rack/lock.rb:11:in `synchronize'
    /Users/john/.rvm/gems/ruby-1.8.6-p420/gems/rack-1.1.6/lib/rack/lock.rb:11:in `call'
    /Users/john/.rvm/gems/ruby-1.8.6-p420/gems/actionpack-2.3.14/lib/action_controller/dispatcher.rb:114:in `call'
    /Users/john/.rvm/gems/ruby-1.8.6-p420/gems/actionpack-2.3.14/lib/action_controller/reloader.rb:34:in `run'
    /Users/john/.rvm/gems/ruby-1.8.6-p420/gems/actionpack-2.3.14/lib/action_controller/dispatcher.rb:108:in `call'
    /Users/john/.rvm/gems/ruby-1.8.6-p420/gems/rails-2.3.14/lib/rails/rack/static.rb:31:in `call'
    /Users/john/.rvm/gems/ruby-1.8.6-p420/gems/rack-1.1.6/lib/rack/urlmap.rb:47:in `call'
    /Users/john/.rvm/gems/ruby-1.8.6-p420/gems/rack-1.1.6/lib/rack/urlmap.rb:41:in `each'
    /Users/john/.rvm/gems/ruby-1.8.6-p420/gems/rack-1.1.6/lib/rack/urlmap.rb:41:in `call'
    /Users/john/.rvm/gems/ruby-1.8.6-p420/gems/rails-2.3.14/lib/rails/rack/log_tailer.rb:17:in `call'
    /Users/john/.rvm/gems/ruby-1.8.6-p420/gems/rack-1.1.6/lib/rack/content_length.rb:13:in `call'
    /Users/john/.rvm/gems/ruby-1.8.6-p420/gems/rack-1.1.6/lib/rack/handler/webrick.rb:48:in `service'
    /Users/john/.rvm/rubies/ruby-1.8.6-p420/lib/ruby/1.8/webrick/httpserver.rb:104:in `service'
    /Users/john/.rvm/rubies/ruby-1.8.6-p420/lib/ruby/1.8/webrick/httpserver.rb:65:in `run'
    /Users/john/.rvm/rubies/ruby-1.8.6-p420/lib/ruby/1.8/webrick/server.rb:173:in `start_thread'
    /Users/john/.rvm/rubies/ruby-1.8.6-p420/lib/ruby/1.8/webrick/server.rb:162:in `start'
    /Users/john/.rvm/rubies/ruby-1.8.6-p420/lib/ruby/1.8/webrick/server.rb:162:in `start_thread'
    /Users/john/.rvm/rubies/ruby-1.8.6-p420/lib/ruby/1.8/webrick/server.rb:95:in `start'
    /Users/john/.rvm/rubies/ruby-1.8.6-p420/lib/ruby/1.8/webrick/server.rb:92:in `each'
    /Users/john/.rvm/rubies/ruby-1.8.6-p420/lib/ruby/1.8/webrick/server.rb:92:in `start'
    /Users/john/.rvm/rubies/ruby-1.8.6-p420/lib/ruby/1.8/webrick/server.rb:23:in `start'
    /Users/john/.rvm/rubies/ruby-1.8.6-p420/lib/ruby/1.8/webrick/server.rb:82:in `start'
    /Users/john/.rvm/gems/ruby-1.8.6-p420/gems/rack-1.1.6/lib/rack/handler/webrick.rb:14:in `run'
    /Users/john/.rvm/gems/ruby-1.8.6-p420/gems/rails-2.3.14/lib/commands/server.rb:111
    /Users/john/.rvm/rubies/ruby-1.8.6-p420/lib/ruby/site_ruby/1.8/rubygems/custom_require.rb:31:in `gem_original_require'
    /Users/john/.rvm/rubies/ruby-1.8.6-p420/lib/ruby/site_ruby/1.8/rubygems/custom_require.rb:31:in `require'
    script/server:3


Processing HomeController#index (for 127.0.0.1 at 2013-10-23 15:29:56) [GET]
Rendering home/index
Completed in 11ms (View: 10 | 200 OK [http://localhost/home]


Processing HomeController#index (for 127.0.0.1 at 2013-10-23 15:30:19) [GET]
Rendering home/index
Completed in 2ms (View: 1 | 200 OK [http://localhost/home]


Processing HomeController#index (for 127.0.0.1 at 2013-10-23 15:30:19) [GET]
Rendering home/index
Completed in 2ms (View: 1 | 200 OK [http://localhost/home]


Processing HomeController#index (for 127.0.0.1 at 2013-10-23 15:30:19) [GET]
Rendering home/index
Completed in 2ms (View: 1 | 200 OK [http://localhost/home]


Processing HomeController#index (for 127.0.0.1 at 2013-10-23 15:30:20) [GET]
Rendering home/index
Completed in 2ms (View: 1 | 200 OK [http://localhost/home]


Processing HomeController#index (for 127.0.0.1 at 2013-10-23 15:30:20) [GET]
Rendering home/index
Completed in 3ms (View: 1 | 200 OK [http://localhost/home]


Processing HomeController#index (for 127.0.0.1 at 2013-10-23 15:30:20) [GET]
Rendering home/index
Completed in 3ms (View: 1 | 200 OK [http://localhost/home]


Processing HomeController#index (for 127.0.0.1 at 2013-10-23 15:30:20) [GET]
Rendering home/index
Completed in 3ms (View: 1 | 200 OK [http://localhost/home]


Processing HomeController#index (for 127.0.0.1 at 2013-10-23 15:30:20) [GET]
Rendering home/index
Completed in 3ms (View: 1 | 200 OK [http://localhost/home]


Processing HomeController#index (for 127.0.0.1 at 2013-10-23 15:30:20) [GET]
Rendering home/index
Completed in 2ms (View: 1 | 200 OK [http://localhost/home]


Processing HomeController#index (for 127.0.0.1 at 2013-10-23 15:30:21) [GET]
Rendering home/index
Completed in 3ms (View: 1 | 200 OK [http://localhost/home]


Processing HomeController#index (for 127.0.0.1 at 2013-10-23 15:32:03) [GET]
Rendering home/index
Completed in 7ms (View: 6 | 200 OK [http://localhost/home]


Processing HomeController#index (for 127.0.0.1 at 2013-10-23 15:33:16) [GET]
Rendering home/index
Completed in 6ms (View: 5 | 200 OK [http://localhost/home]


Processing HomeController#index (for 127.0.0.1 at 2013-10-23 15:33:16) [GET]
Rendering home/index
Completed in 2ms (View: 1 | 200 OK [http://localhost/home]


Processing HomeController#index (for 127.0.0.1 at 2013-10-23 15:33:17) [GET]
Rendering home/index
Completed in 2ms (View: 1 | 200 OK [http://localhost/home]


Processing HomeController#index (for 127.0.0.1 at 2013-10-23 15:33:24) [GET]
Rendering home/index
Completed in 7ms (View: 6 | 200 OK [http://localhost/home]


Processing HomeController#index (for 127.0.0.1 at 2013-10-23 15:34:07) [GET]
Rendering home/index
Completed in 6ms (View: 5 | 200 OK [http://localhost/home]


Processing HomeController#index (for 127.0.0.1 at 2013-10-23 15:34:07) [GET]
Rendering home/index
Completed in 3ms (View: 1 | 200 OK [http://localhost/home]


Processing HomeController#index (for 127.0.0.1 at 2013-10-23 15:34:08) [GET]
Rendering home/index
Completed in 2ms (View: 1 | 200 OK [http://localhost/home]


Processing HomeController#index (for 127.0.0.1 at 2013-10-23 15:34:08) [GET]
Rendering home/index
Completed in 3ms (View: 1 | 200 OK [http://localhost/home]


Processing HomeController#index (for 127.0.0.1 at 2013-10-23 15:34:17) [GET]
Rendering home/index
Completed in 5ms (View: 4 | 200 OK [http://localhost/home]


Processing HomeController#index (for 127.0.0.1 at 2013-10-23 15:34:24) [GET]
Rendering home/index
Completed in 2ms (View: 1 | 200 OK [http://localhost/home]


Processing HomeController#index (for 127.0.0.1 at 2013-10-23 15:34:29) [GET]
Rendering home/index
Completed in 2ms (View: 1 | 200 OK [http://localhost/home]


Processing HomeController#index (for 127.0.0.1 at 2013-10-23 15:34:36) [GET]
Rendering home/index
Completed in 6ms (View: 5 | 200 OK [http://localhost/home]


Processing HomeController#index (for 127.0.0.1 at 2013-10-23 15:35:50) [GET]
Rendering home/index
Completed in 9ms (View: 7 | 200 OK [http://localhost/home]


Processing HomeController#index (for 127.0.0.1 at 2013-10-23 15:35:55) [GET]
Rendering home/index
Completed in 11ms (View: 9 | 200 OK [http://localhost/home]


Processing HomeController#index (for 127.0.0.1 at 2013-10-23 15:35:56) [GET]
Rendering home/index
Completed in 2ms (View: 1 | 200 OK [http://localhost/home]


Processing HomeController#index (for 127.0.0.1 at 2013-10-23 15:35:56) [GET]
Rendering home/index
Completed in 3ms (View: 1 | 200 OK [http://localhost/home]


Processing HomeController#index (for 127.0.0.1 at 2013-10-23 15:35:57) [GET]
Rendering home/index
Completed in 2ms (View: 1 | 200 OK [http://localhost/home]


Processing HomeController#index (for 127.0.0.1 at 2013-10-23 15:36:05) [GET]
Rendering home/index
Completed in 2ms (View: 1 | 200 OK [http://localhost/home]


Processing HomeController#index (for 127.0.0.1 at 2013-10-23 15:38:57) [GET]
Rendering home/index
Completed in 2ms (View: 1 | 200 OK [http://localhost/home]


Processing HomeController#index (for 127.0.0.1 at 2013-10-23 15:38:57) [GET]
Rendering home/index
Completed in 2ms (View: 1 | 200 OK [http://localhost/home]


Processing HomeController#index (for 127.0.0.1 at 2013-10-23 15:39:27) [GET]
Rendering home/index
Completed in 9ms (View: 8 | 200 OK [http://localhost/home]


Processing HomeController#index (for 127.0.0.1 at 2013-10-23 15:39:32) [GET]
Rendering home/index
Completed in 2ms (View: 1 | 200 OK [http://localhost/home]


Processing HomeController#index (for 127.0.0.1 at 2013-10-23 15:39:32) [GET]
Rendering home/index
Completed in 2ms (View: 1 | 200 OK [http://localhost/home]


Processing HomeController#index (for 127.0.0.1 at 2013-10-23 15:40:43) [GET]
Rendering home/index

ActionView::TemplateError (uninitialized constant ActionView::Base::CompiledTemplates::Tim) on line #1 of app/views/home/index.html.erb:
1: ZOMG IT'S    <%= Tim.now.to_i %> O'CLOCK

    app/views/home/index.html.erb:1
    /Users/john/.rvm/rubies/ruby-1.8.6-p420/lib/ruby/1.8/webrick/httpserver.rb:104:in `service'
    /Users/john/.rvm/rubies/ruby-1.8.6-p420/lib/ruby/1.8/webrick/httpserver.rb:65:in `run'
    /Users/john/.rvm/rubies/ruby-1.8.6-p420/lib/ruby/1.8/webrick/server.rb:173:in `start_thread'
    /Users/john/.rvm/rubies/ruby-1.8.6-p420/lib/ruby/1.8/webrick/server.rb:162:in `start'
    /Users/john/.rvm/rubies/ruby-1.8.6-p420/lib/ruby/1.8/webrick/server.rb:162:in `start_thread'
    /Users/john/.rvm/rubies/ruby-1.8.6-p420/lib/ruby/1.8/webrick/server.rb:95:in `start'
    /Users/john/.rvm/rubies/ruby-1.8.6-p420/lib/ruby/1.8/webrick/server.rb:92:in `each'
    /Users/john/.rvm/rubies/ruby-1.8.6-p420/lib/ruby/1.8/webrick/server.rb:92:in `start'
    /Users/john/.rvm/rubies/ruby-1.8.6-p420/lib/ruby/1.8/webrick/server.rb:23:in `start'
    /Users/john/.rvm/rubies/ruby-1.8.6-p420/lib/ruby/1.8/webrick/server.rb:82:in `start'

Rendered rescues/_trace (52.0ms)
Rendered rescues/_request_and_response (2.5ms)
Rendering rescues/layout (internal_server_error)


Processing HomeController#index (for 127.0.0.1 at 2013-10-23 15:40:51) [GET]
Rendering home/index
Completed in 8ms (View: 6 | 200 OK [http://localhost/home]


Processing HomeController#index (for 127.0.0.1 at 2013-10-23 15:40:58) [GET]
Rendering home/index
Completed in 6ms (View: 5 | 200 OK [http://localhost/home]
